[2023-03-23 01:15:02.951 +05:30  INF]  User profile is available. Using 'C:\Users\akhil.madhu\AppData\Local\ASP.NET\DataProtection-Keys' as key repository and Windows DPAPI to encrypt keys at rest.
[2023-03-23 01:15:04.336 +05:30  INF]  Now listening on: http://localhost:5238
[2023-03-23 01:15:04.344 +05:30  INF]  Application started. Press Ctrl+C to shut down.
[2023-03-23 01:15:04.344 +05:30  INF]  Hosting environment: Development
[2023-03-23 01:15:04.344 +05:30  INF]  Content root path: C:\Users\akhil.madhu\source\repos\Backend\Backend\
[2023-03-23 01:15:05.659 +05:30  INF]  Request starting HTTP/1.1 GET http://localhost:5238/swagger/index.html - -
[2023-03-23 01:15:07.312 +05:30  INF]  Request finished HTTP/1.1 GET http://localhost:5238/swagger/index.html - - - 200 - text/html;charset=utf-8 1665.0568ms
[2023-03-23 01:15:07.425 +05:30  INF]  Request starting HTTP/1.1 GET http://localhost:5238/_framework/aspnetcore-browser-refresh.js - -
[2023-03-23 01:15:07.438 +05:30  INF]  Request finished HTTP/1.1 GET http://localhost:5238/_framework/aspnetcore-browser-refresh.js - - - 200 11984 application/javascript;+charset=utf-8 12.8160ms
[2023-03-23 01:15:07.497 +05:30  INF]  Request starting HTTP/1.1 GET http://localhost:5238/_vs/browserLink - -
[2023-03-23 01:15:07.644 +05:30  INF]  Request finished HTTP/1.1 GET http://localhost:5238/_vs/browserLink - - - 200 - text/javascript;+charset=UTF-8 146.7708ms
[2023-03-23 01:15:07.746 +05:30  INF]  Request starting HTTP/1.1 GET http://localhost:5238/swagger/v1/swagger.json - -
[2023-03-23 01:15:08.184 +05:30  INF]  Request finished HTTP/1.1 GET http://localhost:5238/swagger/v1/swagger.json - - - 200 - application/json;charset=utf-8 438.1328ms
[2023-03-23 01:15:16.315 +05:30  INF]  Request starting HTTP/1.1 GET http://localhost:5238/api/Account/UserList - -
[2023-03-23 01:15:17.536 +05:30  INF]  Authorization failed. These requirements were not met:
DenyAnonymousAuthorizationRequirement: Requires an authenticated user.
[2023-03-23 01:15:17.568 +05:30  INF]  AuthenticationScheme: Bearer was challenged.
[2023-03-23 01:15:17.569 +05:30  INF]  Request finished HTTP/1.1 GET http://localhost:5238/api/Account/UserList - - - 401 0 - 1253.3653ms
[2023-03-23 12:23:35.923 +05:30  INF]  Request starting HTTP/1.1 POST http://localhost:5238/api/token application/json 40
[2023-03-23 12:23:35.985 +05:30  INF]  Executing endpoint 'Backend.Controllers.TokenController.Post (Backend)'
[2023-03-23 12:23:36.059 +05:30  INF]  Route matched with {action = "Post", controller = "Token"}. Executing controller action with signature System.Threading.Tasks.Task`1[Microsoft.AspNetCore.Mvc.IActionResult] Post(Backend.Core.ViewModels.LoginViewModel) on controller Backend.Controllers.TokenController (Backend).
[2023-03-23 12:23:36.470 +05:30  INF]  Executing OkObjectResult, writing value of type 'System.String'.
[2023-03-23 12:23:36.483 +05:30  INF]  Executed action Backend.Controllers.TokenController.Post (Backend) in 416.3057ms
[2023-03-23 12:23:36.487 +05:30  INF]  Executed endpoint 'Backend.Controllers.TokenController.Post (Backend)'
[2023-03-23 12:23:36.487 +05:30  INF]  Request finished HTTP/1.1 POST http://localhost:5238/api/token application/json 40 - 200 - application/json;+charset=utf-8 569.4378ms
[2023-03-23 12:23:36.550 +05:30  INF]  Request starting HTTP/1.1 POST http://localhost:5238/api/Account/Login/ application/json 58
[2023-03-23 12:23:36.664 +05:30  INF]  Executing endpoint 'Backend.Controllers.AccountController.Login (Backend)'
[2023-03-23 12:23:36.667 +05:30  INF]  Route matched with {action = "Login", controller = "Account"}. Executing controller action with signature System.Threading.Tasks.Task`1[Microsoft.AspNetCore.Mvc.IActionResult] Login(Backend.Core.ViewModels.LoginViewModel) on controller Backend.Controllers.AccountController (Backend).
[2023-03-23 12:23:57.177 +05:30  INF]  Entity Framework Core 6.0.12 initialized 'ApplicationDbContext' using provider 'Microsoft.EntityFrameworkCore.SqlServer:6.0.12' with options: None
[2023-03-23 12:23:59.112 +05:30  INF]  Executed DbCommand (132ms) [Parameters=[@__normalizedUserName_0='?' (Size = 256)], CommandType='"Text"', CommandTimeout='30']
SELECT TOP(1) [a].[Id], [a].[AccessFailedCount], [a].[ConcurrencyStamp], [a].[Email], [a].[EmailConfirmed], [a].[LockoutEnabled], [a].[LockoutEnd], [a].[NormalizedEmail], [a].[NormalizedUserName], [a].[PasswordHash], [a].[PhoneNumber], [a].[PhoneNumberConfirmed], [a].[SecurityStamp], [a].[TwoFactorEnabled], [a].[UserName]
FROM [AspNetUsers] AS [a]
WHERE [a].[NormalizedUserName] = @__normalizedUserName_0
[2023-03-23 12:23:59.354 +05:30  INF]  Executed DbCommand (11ms) [Parameters=[@__user_Id_0='?' (Size = 450)], CommandType='"Text"', CommandTimeout='30']
SELECT TOP(1) [u].[UserId], [u].[Address], [u].[DOB], [u].[DOJ], [u].[FirstName], [u].[Gender], [u].[Image], [u].[LastName], [a].[Id], [a].[AccessFailedCount], [a].[ConcurrencyStamp], [a].[Email], [a].[EmailConfirmed], [a].[LockoutEnabled], [a].[LockoutEnd], [a].[NormalizedEmail], [a].[NormalizedUserName], [a].[PasswordHash], [a].[PhoneNumber], [a].[PhoneNumberConfirmed], [a].[SecurityStamp], [a].[TwoFactorEnabled], [a].[UserName]
FROM [Users] AS [u]
INNER JOIN [AspNetUsers] AS [a] ON [u].[UserId] = [a].[Id]
WHERE [u].[UserId] = @__user_Id_0
[2023-03-23 12:23:59.395 +05:30  INF]  Executing OkObjectResult, writing value of type 'Backend.Core.Common.ErrorHandlers.Results`1[[Backend.Core.Data.Entities.UserModel, Backend, Version=1.0.0.0, Culture=neutral, PublicKeyToken=null]]'.
[2023-03-23 12:23:59.421 +05:30  INF]  Executed action Backend.Controllers.AccountController.Login (Backend) in 22754.3833ms
[2023-03-23 12:23:59.422 +05:30  INF]  Executed endpoint 'Backend.Controllers.AccountController.Login (Backend)'
[2023-03-23 12:23:59.434 +05:30  INF]  Request finished HTTP/1.1 POST http://localhost:5238/api/Account/Login/ application/json 58 - 200 - application/json;+charset=utf-8 22883.7541ms
[2023-03-23 12:23:59.604 +05:30  INF]  Request starting HTTP/1.1 POST http://localhost:5238/api/token application/json 40
[2023-03-23 12:23:59.605 +05:30  INF]  Executing endpoint 'Backend.Controllers.TokenController.Post (Backend)'
[2023-03-23 12:23:59.608 +05:30  INF]  Route matched with {action = "Post", controller = "Token"}. Executing controller action with signature System.Threading.Tasks.Task`1[Microsoft.AspNetCore.Mvc.IActionResult] Post(Backend.Core.ViewModels.LoginViewModel) on controller Backend.Controllers.TokenController (Backend).
[2023-03-23 12:23:59.610 +05:30  INF]  Executing OkObjectResult, writing value of type 'System.String'.
[2023-03-23 12:23:59.610 +05:30  INF]  Executed action Backend.Controllers.TokenController.Post (Backend) in 1.8182ms
[2023-03-23 12:23:59.610 +05:30  INF]  Executed endpoint 'Backend.Controllers.TokenController.Post (Backend)'
[2023-03-23 12:23:59.610 +05:30  INF]  Request finished HTTP/1.1 POST http://localhost:5238/api/token application/json 40 - 200 - application/json;+charset=utf-8 6.0433ms
[2023-03-23 12:23:59.619 +05:30  INF]  Request starting HTTP/1.1 GET http://localhost:5238/api/Account/UserList/ - -
[2023-03-23 12:23:59.622 +05:30  INF]  Executing endpoint 'Backend.Controllers.AccountController.UsersList (Backend)'
[2023-03-23 12:23:59.625 +05:30  INF]  Route matched with {action = "UsersList", controller = "Account"}. Executing controller action with signature System.Threading.Tasks.Task`1[Microsoft.AspNetCore.Mvc.IActionResult] UsersList() on controller Backend.Controllers.AccountController (Backend).
[2023-03-23 12:23:59.685 +05:30  INF]  Entity Framework Core 6.0.12 initialized 'ApplicationDbContext' using provider 'Microsoft.EntityFrameworkCore.SqlServer:6.0.12' with options: None
[2023-03-23 12:23:59.730 +05:30  INF]  Executed DbCommand (30ms) [Parameters=[], CommandType='"Text"', CommandTimeout='30']
SELECT [u].[UserId], [u].[Address], [u].[DOB], [u].[DOJ], [u].[FirstName], [u].[Gender], [u].[Image], [u].[LastName], [a].[Id], [a].[AccessFailedCount], [a].[ConcurrencyStamp], [a].[Email], [a].[EmailConfirmed], [a].[LockoutEnabled], [a].[LockoutEnd], [a].[NormalizedEmail], [a].[NormalizedUserName], [a].[PasswordHash], [a].[PhoneNumber], [a].[PhoneNumberConfirmed], [a].[SecurityStamp], [a].[TwoFactorEnabled], [a].[UserName]
FROM [Users] AS [u]
INNER JOIN [AspNetUsers] AS [a] ON [u].[UserId] = [a].[Id]
[2023-03-23 12:23:59.737 +05:30  INF]  Executing OkObjectResult, writing value of type 'Backend.Core.Common.ErrorHandlers.Results`1[[System.Collections.Generic.List`1[[Backend.Core.Data.Entities.UserModel, Backend, Version=1.0.0.0, Culture=neutral, PublicKeyToken=null]], System.Private.CoreLib, Version=6.0.0.0, Culture=neutral, PublicKeyToken=7cec85d7bea7798e]]'.
[2023-03-23 12:23:59.739 +05:30  INF]  Executed action Backend.Controllers.AccountController.UsersList (Backend) in 113.3328ms
[2023-03-23 12:23:59.739 +05:30  INF]  Executed endpoint 'Backend.Controllers.AccountController.UsersList (Backend)'
[2023-03-23 12:23:59.740 +05:30  INF]  Request finished HTTP/1.1 GET http://localhost:5238/api/Account/UserList/ - - - 200 - application/json;+charset=utf-8 121.4487ms
[2023-03-23 12:24:07.567 +05:30  INF]  Request starting HTTP/1.1 POST http://localhost:5238/api/token application/json 40
[2023-03-23 12:24:07.567 +05:30  INF]  Executing endpoint 'Backend.Controllers.TokenController.Post (Backend)'
[2023-03-23 12:24:07.568 +05:30  INF]  Route matched with {action = "Post", controller = "Token"}. Executing controller action with signature System.Threading.Tasks.Task`1[Microsoft.AspNetCore.Mvc.IActionResult] Post(Backend.Core.ViewModels.LoginViewModel) on controller Backend.Controllers.TokenController (Backend).
[2023-03-23 12:24:07.569 +05:30  INF]  Executing OkObjectResult, writing value of type 'System.String'.
[2023-03-23 12:24:07.569 +05:30  INF]  Executed action Backend.Controllers.TokenController.Post (Backend) in 1.522ms
[2023-03-23 12:24:07.569 +05:30  INF]  Executed endpoint 'Backend.Controllers.TokenController.Post (Backend)'
[2023-03-23 12:24:07.569 +05:30  INF]  Request finished HTTP/1.1 POST http://localhost:5238/api/token application/json 40 - 200 - application/json;+charset=utf-8 2.2626ms
[2023-03-23 12:24:07.577 +05:30  INF]  Request starting HTTP/1.1 GET http://localhost:5238/api/Account/SingleUser/?userId=056f40f2-5fc9-41fb-8036-f1670e7344a3 - -
[2023-03-23 12:24:07.580 +05:30  INF]  Executing endpoint 'Backend.Controllers.AccountController.SingleUserDetails (Backend)'
[2023-03-23 12:24:07.583 +05:30  INF]  Route matched with {action = "SingleUserDetails", controller = "Account"}. Executing controller action with signature System.Threading.Tasks.Task`1[Microsoft.AspNetCore.Mvc.IActionResult] SingleUserDetails(System.String) on controller Backend.Controllers.AccountController (Backend).
[2023-03-23 12:24:07.611 +05:30  INF]  Entity Framework Core 6.0.12 initialized 'ApplicationDbContext' using provider 'Microsoft.EntityFrameworkCore.SqlServer:6.0.12' with options: None
[2023-03-23 12:24:07.625 +05:30  INF]  Executed DbCommand (6ms) [Parameters=[@__userId_0='?' (Size = 450)], CommandType='"Text"', CommandTimeout='30']
SELECT TOP(1) [u].[UserId], [u].[Address], [u].[DOB], [u].[DOJ], [u].[FirstName], [u].[Gender], [u].[Image], [u].[LastName], [a].[Id], [a].[AccessFailedCount], [a].[ConcurrencyStamp], [a].[Email], [a].[EmailConfirmed], [a].[LockoutEnabled], [a].[LockoutEnd], [a].[NormalizedEmail], [a].[NormalizedUserName], [a].[PasswordHash], [a].[PhoneNumber], [a].[PhoneNumberConfirmed], [a].[SecurityStamp], [a].[TwoFactorEnabled], [a].[UserName]
FROM [Users] AS [u]
INNER JOIN [AspNetUsers] AS [a] ON [u].[UserId] = [a].[Id]
WHERE [u].[UserId] = @__userId_0
[2023-03-23 12:24:07.626 +05:30  INF]  Executing OkObjectResult, writing value of type 'Backend.Core.Common.ErrorHandlers.Results`1[[Backend.Core.Data.Entities.UserModel, Backend, Version=1.0.0.0, Culture=neutral, PublicKeyToken=null]]'.
[2023-03-23 12:24:07.626 +05:30  INF]  Executed action Backend.Controllers.AccountController.SingleUserDetails (Backend) in 42.7817ms
[2023-03-23 12:24:07.626 +05:30  INF]  Executed endpoint 'Backend.Controllers.AccountController.SingleUserDetails (Backend)'
[2023-03-23 12:24:07.627 +05:30  INF]  Request finished HTTP/1.1 GET http://localhost:5238/api/Account/SingleUser/?userId=056f40f2-5fc9-41fb-8036-f1670e7344a3 - - - 200 - application/json;+charset=utf-8 49.1823ms
[2023-03-23 12:25:24.867 +05:30  INF]  Request starting HTTP/1.1 POST http://localhost:5238/api/token application/json 40
[2023-03-23 12:25:24.868 +05:30  INF]  Executing endpoint 'Backend.Controllers.TokenController.Post (Backend)'
[2023-03-23 12:25:24.868 +05:30  INF]  Route matched with {action = "Post", controller = "Token"}. Executing controller action with signature System.Threading.Tasks.Task`1[Microsoft.AspNetCore.Mvc.IActionResult] Post(Backend.Core.ViewModels.LoginViewModel) on controller Backend.Controllers.TokenController (Backend).
[2023-03-23 12:25:24.869 +05:30  INF]  Executing OkObjectResult, writing value of type 'System.String'.
[2023-03-23 12:25:24.869 +05:30  INF]  Executed action Backend.Controllers.TokenController.Post (Backend) in 1.0966ms
[2023-03-23 12:25:24.869 +05:30  INF]  Executed endpoint 'Backend.Controllers.TokenController.Post (Backend)'
[2023-03-23 12:25:24.869 +05:30  INF]  Request finished HTTP/1.1 POST http://localhost:5238/api/token application/json 40 - 200 - application/json;+charset=utf-8 2.2323ms
[2023-03-23 12:25:24.879 +05:30  INF]  Request starting HTTP/1.1 GET http://localhost:5238/api/Administrative/Roles/ - -
[2023-03-23 12:25:24.888 +05:30  ERR]  An unhandled exception has occurred while executing the request.
System.InvalidOperationException: No authentication handler is registered for the scheme 'Basic'. The registered schemes are: Identity.Application, Identity.External, Identity.TwoFactorRememberMe, Identity.TwoFactorUserId, Bearer. Did you forget to call AddAuthentication().Add[SomeAuthHandler]("Basic",...)?
   at Microsoft.AspNetCore.Authentication.AuthenticationService.AuthenticateAsync(HttpContext context, String scheme)
   at Microsoft.AspNetCore.Authorization.Policy.PolicyEvaluator.AuthenticateAsync(AuthorizationPolicy policy, HttpContext context)
   at Microsoft.AspNetCore.Authorization.AuthorizationMiddleware.Invoke(HttpContext context)
   at Microsoft.AspNetCore.Authentication.AuthenticationMiddleware.Invoke(HttpContext context)
   at Swashbuckle.AspNetCore.SwaggerUI.SwaggerUIMiddleware.Invoke(HttpContext httpContext)
   at Swashbuckle.AspNetCore.Swagger.SwaggerMiddleware.Invoke(HttpContext httpContext, ISwaggerProvider swaggerProvider)
   at Microsoft.AspNetCore.Diagnostics.DeveloperExceptionPageMiddleware.Invoke(HttpContext context)
[2023-03-23 12:25:25.160 +05:30  INF]  Request finished HTTP/1.1 GET http://localhost:5238/api/Administrative/Roles/ - - - 500 - text/plain;+charset=utf-8 280.8181ms
[2023-03-23 12:26:26.105 +05:30  INF]  Request starting HTTP/1.1 POST http://localhost:5238/api/token application/json 40
[2023-03-23 12:26:26.107 +05:30  INF]  Executing endpoint 'Backend.Controllers.TokenController.Post (Backend)'
[2023-03-23 12:26:26.108 +05:30  INF]  Route matched with {action = "Post", controller = "Token"}. Executing controller action with signature System.Threading.Tasks.Task`1[Microsoft.AspNetCore.Mvc.IActionResult] Post(Backend.Core.ViewModels.LoginViewModel) on controller Backend.Controllers.TokenController (Backend).
[2023-03-23 12:26:26.109 +05:30  INF]  Executing OkObjectResult, writing value of type 'System.String'.
[2023-03-23 12:26:26.109 +05:30  INF]  Executed action Backend.Controllers.TokenController.Post (Backend) in 0.36ms
[2023-03-23 12:26:26.109 +05:30  INF]  Executed endpoint 'Backend.Controllers.TokenController.Post (Backend)'
[2023-03-23 12:26:26.109 +05:30  INF]  Request finished HTTP/1.1 POST http://localhost:5238/api/token application/json 40 - 200 - application/json;+charset=utf-8 5.4793ms
[2023-03-23 12:26:26.125 +05:30  INF]  Request starting HTTP/1.1 POST http://localhost:5238/api/Administrative/Roles/ application/json 26
[2023-03-23 12:26:26.128 +05:30  ERR]  An unhandled exception has occurred while executing the request.
System.InvalidOperationException: No authentication handler is registered for the scheme 'Basic'. The registered schemes are: Identity.Application, Identity.External, Identity.TwoFactorRememberMe, Identity.TwoFactorUserId, Bearer. Did you forget to call AddAuthentication().Add[SomeAuthHandler]("Basic",...)?
   at Microsoft.AspNetCore.Authentication.AuthenticationService.AuthenticateAsync(HttpContext context, String scheme)
   at Microsoft.AspNetCore.Authorization.Policy.PolicyEvaluator.AuthenticateAsync(AuthorizationPolicy policy, HttpContext context)
   at Microsoft.AspNetCore.Authorization.AuthorizationMiddleware.Invoke(HttpContext context)
   at Microsoft.AspNetCore.Authentication.AuthenticationMiddleware.Invoke(HttpContext context)
   at Swashbuckle.AspNetCore.SwaggerUI.SwaggerUIMiddleware.Invoke(HttpContext httpContext)
   at Swashbuckle.AspNetCore.Swagger.SwaggerMiddleware.Invoke(HttpContext httpContext, ISwaggerProvider swaggerProvider)
   at Microsoft.AspNetCore.Diagnostics.DeveloperExceptionPageMiddleware.Invoke(HttpContext context)
[2023-03-23 12:26:26.129 +05:30  INF]  Request finished HTTP/1.1 POST http://localhost:5238/api/Administrative/Roles/ application/json 26 - 500 - text/plain;+charset=utf-8 3.9402ms
[2023-03-23 12:26:43.557 +05:30  INF]  Request starting HTTP/1.1 POST http://localhost:5238/api/token application/json 40
[2023-03-23 12:26:43.558 +05:30  INF]  Executing endpoint 'Backend.Controllers.TokenController.Post (Backend)'
[2023-03-23 12:26:43.558 +05:30  INF]  Route matched with {action = "Post", controller = "Token"}. Executing controller action with signature System.Threading.Tasks.Task`1[Microsoft.AspNetCore.Mvc.IActionResult] Post(Backend.Core.ViewModels.LoginViewModel) on controller Backend.Controllers.TokenController (Backend).
[2023-03-23 12:26:43.559 +05:30  INF]  Executing OkObjectResult, writing value of type 'System.String'.
[2023-03-23 12:26:43.559 +05:30  INF]  Executed action Backend.Controllers.TokenController.Post (Backend) in 0.6061ms
[2023-03-23 12:26:43.559 +05:30  INF]  Executed endpoint 'Backend.Controllers.TokenController.Post (Backend)'
[2023-03-23 12:26:43.559 +05:30  INF]  Request finished HTTP/1.1 POST http://localhost:5238/api/token application/json 40 - 200 - application/json;+charset=utf-8 1.3081ms
[2023-03-23 12:26:43.568 +05:30  INF]  Request starting HTTP/1.1 POST http://localhost:5238/api/Administrative/Roles/ application/json 26
[2023-03-23 12:26:43.569 +05:30  ERR]  An unhandled exception has occurred while executing the request.
System.InvalidOperationException: No authentication handler is registered for the scheme 'Basic'. The registered schemes are: Identity.Application, Identity.External, Identity.TwoFactorRememberMe, Identity.TwoFactorUserId, Bearer. Did you forget to call AddAuthentication().Add[SomeAuthHandler]("Basic",...)?
   at Microsoft.AspNetCore.Authentication.AuthenticationService.AuthenticateAsync(HttpContext context, String scheme)
   at Microsoft.AspNetCore.Authorization.Policy.PolicyEvaluator.AuthenticateAsync(AuthorizationPolicy policy, HttpContext context)
   at Microsoft.AspNetCore.Authorization.AuthorizationMiddleware.Invoke(HttpContext context)
   at Microsoft.AspNetCore.Authentication.AuthenticationMiddleware.Invoke(HttpContext context)
   at Swashbuckle.AspNetCore.SwaggerUI.SwaggerUIMiddleware.Invoke(HttpContext httpContext)
   at Swashbuckle.AspNetCore.Swagger.SwaggerMiddleware.Invoke(HttpContext httpContext, ISwaggerProvider swaggerProvider)
   at Microsoft.AspNetCore.Diagnostics.DeveloperExceptionPageMiddleware.Invoke(HttpContext context)
[2023-03-23 12:26:43.570 +05:30  INF]  Request finished HTTP/1.1 POST http://localhost:5238/api/Administrative/Roles/ application/json 26 - 500 - text/plain;+charset=utf-8 2.2843ms
[2023-03-23 12:27:15.769 +05:30  INF]  Request starting HTTP/1.1 POST http://localhost:5238/api/token application/json 40
[2023-03-23 12:27:15.770 +05:30  INF]  Executing endpoint 'Backend.Controllers.TokenController.Post (Backend)'
[2023-03-23 12:27:15.770 +05:30  INF]  Route matched with {action = "Post", controller = "Token"}. Executing controller action with signature System.Threading.Tasks.Task`1[Microsoft.AspNetCore.Mvc.IActionResult] Post(Backend.Core.ViewModels.LoginViewModel) on controller Backend.Controllers.TokenController (Backend).
[2023-03-23 12:27:15.770 +05:30  INF]  Executing OkObjectResult, writing value of type 'System.String'.
[2023-03-23 12:27:15.770 +05:30  INF]  Executed action Backend.Controllers.TokenController.Post (Backend) in 0.5644ms
[2023-03-23 12:27:15.770 +05:30  INF]  Executed endpoint 'Backend.Controllers.TokenController.Post (Backend)'
[2023-03-23 12:27:15.770 +05:30  INF]  Request finished HTTP/1.1 POST http://localhost:5238/api/token application/json 40 - 200 - application/json;+charset=utf-8 1.2799ms
[2023-03-23 12:27:15.798 +05:30  INF]  Request starting HTTP/1.1 POST http://localhost:5238/api/Administrative/Roles/ application/json 27
[2023-03-23 12:27:15.799 +05:30  ERR]  An unhandled exception has occurred while executing the request.
System.InvalidOperationException: No authentication handler is registered for the scheme 'Basic'. The registered schemes are: Identity.Application, Identity.External, Identity.TwoFactorRememberMe, Identity.TwoFactorUserId, Bearer. Did you forget to call AddAuthentication().Add[SomeAuthHandler]("Basic",...)?
   at Microsoft.AspNetCore.Authentication.AuthenticationService.AuthenticateAsync(HttpContext context, String scheme)
   at Microsoft.AspNetCore.Authorization.Policy.PolicyEvaluator.AuthenticateAsync(AuthorizationPolicy policy, HttpContext context)
   at Microsoft.AspNetCore.Authorization.AuthorizationMiddleware.Invoke(HttpContext context)
   at Microsoft.AspNetCore.Authentication.AuthenticationMiddleware.Invoke(HttpContext context)
   at Swashbuckle.AspNetCore.SwaggerUI.SwaggerUIMiddleware.Invoke(HttpContext httpContext)
   at Swashbuckle.AspNetCore.Swagger.SwaggerMiddleware.Invoke(HttpContext httpContext, ISwaggerProvider swaggerProvider)
   at Microsoft.AspNetCore.Diagnostics.DeveloperExceptionPageMiddleware.Invoke(HttpContext context)
[2023-03-23 12:27:15.799 +05:30  INF]  Request finished HTTP/1.1 POST http://localhost:5238/api/Administrative/Roles/ application/json 27 - 500 - text/plain;+charset=utf-8 1.8690ms
[2023-03-23 12:28:56.917 +05:30  INF]  Request starting HTTP/1.1 GET http://localhost:5238/api/Administrative/Roles - -
[2023-03-23 12:28:56.922 +05:30  ERR]  An unhandled exception has occurred while executing the request.
System.InvalidOperationException: No authentication handler is registered for the scheme 'Basic'. The registered schemes are: Identity.Application, Identity.External, Identity.TwoFactorRememberMe, Identity.TwoFactorUserId, Bearer. Did you forget to call AddAuthentication().Add[SomeAuthHandler]("Basic",...)?
   at Microsoft.AspNetCore.Authentication.AuthenticationService.AuthenticateAsync(HttpContext context, String scheme)
   at Microsoft.AspNetCore.Authorization.Policy.PolicyEvaluator.AuthenticateAsync(AuthorizationPolicy policy, HttpContext context)
   at Microsoft.AspNetCore.Authorization.AuthorizationMiddleware.Invoke(HttpContext context)
   at Microsoft.AspNetCore.Authentication.AuthenticationMiddleware.Invoke(HttpContext context)
   at Swashbuckle.AspNetCore.SwaggerUI.SwaggerUIMiddleware.Invoke(HttpContext httpContext)
   at Swashbuckle.AspNetCore.Swagger.SwaggerMiddleware.Invoke(HttpContext httpContext, ISwaggerProvider swaggerProvider)
   at Microsoft.AspNetCore.Diagnostics.DeveloperExceptionPageMiddleware.Invoke(HttpContext context)
[2023-03-23 12:28:56.924 +05:30  INF]  Request finished HTTP/1.1 GET http://localhost:5238/api/Administrative/Roles - - - 500 - text/plain;+charset=utf-8 6.7817ms
[2023-03-23 12:31:00.821 +05:30  INF]  User profile is available. Using 'C:\Users\akhil.madhu\AppData\Local\ASP.NET\DataProtection-Keys' as key repository and Windows DPAPI to encrypt keys at rest.
[2023-03-23 12:31:01.062 +05:30  INF]  Now listening on: http://localhost:5238
[2023-03-23 12:31:01.064 +05:30  INF]  Application started. Press Ctrl+C to shut down.
[2023-03-23 12:31:01.064 +05:30  INF]  Hosting environment: Development
[2023-03-23 12:31:01.064 +05:30  INF]  Content root path: C:\Users\akhil.madhu\source\repos\Backend\Backend\
[2023-03-23 12:31:02.286 +05:30  INF]  Request starting HTTP/1.1 GET http://localhost:5238/swagger/index.html - -
[2023-03-23 12:31:02.832 +05:30  INF]  Request finished HTTP/1.1 GET http://localhost:5238/swagger/index.html - - - 200 - text/html;charset=utf-8 552.1059ms
[2023-03-23 12:31:02.863 +05:30  INF]  Request starting HTTP/1.1 GET http://localhost:5238/_framework/aspnetcore-browser-refresh.js - -
[2023-03-23 12:31:02.870 +05:30  INF]  Request finished HTTP/1.1 GET http://localhost:5238/_framework/aspnetcore-browser-refresh.js - - - 200 11984 application/javascript;+charset=utf-8 6.2864ms
[2023-03-23 12:31:02.973 +05:30  INF]  Request starting HTTP/1.1 GET http://localhost:5238/_vs/browserLink - -
[2023-03-23 12:31:03.045 +05:30  INF]  Request finished HTTP/1.1 GET http://localhost:5238/_vs/browserLink - - - 200 - text/javascript;+charset=UTF-8 72.8867ms
[2023-03-23 12:31:03.137 +05:30  INF]  Request starting HTTP/1.1 GET http://localhost:5238/swagger/v1/swagger.json - -
[2023-03-23 12:31:03.396 +05:30  INF]  Request finished HTTP/1.1 GET http://localhost:5238/swagger/v1/swagger.json - - - 200 - application/json;charset=utf-8 258.2593ms
[2023-03-23 12:31:11.652 +05:30  INF]  Request starting HTTP/1.1 GET http://localhost:5238/api/Administrative/Roles - -
[2023-03-23 12:31:12.086 +05:30  INF]  Basic was not authenticated. Failure message: Authentication FailedThe format of value '<null>' is invalid.
[2023-03-23 12:31:12.090 +05:30  INF]  Authorization failed. These requirements were not met:
DenyAnonymousAuthorizationRequirement: Requires an authenticated user.
[2023-03-23 12:31:12.103 +05:30  INF]  AuthenticationScheme: Bearer was challenged.
[2023-03-23 12:31:12.104 +05:30  INF]  AuthenticationScheme: Basic was challenged.
[2023-03-23 12:31:12.104 +05:30  INF]  Request finished HTTP/1.1 GET http://localhost:5238/api/Administrative/Roles - - - 401 0 - 451.7740ms
[2023-03-23 12:31:35.727 +05:30  INF]  Request starting HTTP/1.1 POST http://localhost:5238/api/token application/json 40
[2023-03-23 12:31:35.735 +05:30  INF]  Executing endpoint 'Backend.Controllers.TokenController.Post (Backend)'
[2023-03-23 12:31:35.765 +05:30  INF]  Route matched with {action = "Post", controller = "Token"}. Executing controller action with signature System.Threading.Tasks.Task`1[Microsoft.AspNetCore.Mvc.IActionResult] Post(Backend.Core.ViewModels.LoginViewModel) on controller Backend.Controllers.TokenController (Backend).
[2023-03-23 12:31:36.018 +05:30  INF]  Executing OkObjectResult, writing value of type 'System.String'.
[2023-03-23 12:31:36.029 +05:30  INF]  Executed action Backend.Controllers.TokenController.Post (Backend) in 256.0843ms
[2023-03-23 12:31:36.031 +05:30  INF]  Executed endpoint 'Backend.Controllers.TokenController.Post (Backend)'
[2023-03-23 12:31:36.031 +05:30  INF]  Request finished HTTP/1.1 POST http://localhost:5238/api/token application/json 40 - 200 - application/json;+charset=utf-8 303.5156ms
[2023-03-23 12:31:36.034 +05:30  INF]  Request starting HTTP/1.1 POST http://localhost:5238/api/Administrative/Roles/ application/json 27
[2023-03-23 12:31:36.170 +05:30  INF]  Basic was not authenticated. Failure message: Authentication FailedThe input is not a valid Base-64 string as it contains a non-base 64 character, more than two padding characters, or an illegal character among the padding characters.
[2023-03-23 12:31:36.170 +05:30  INF]  Executing endpoint 'Backend.Controllers.AdministrativeController.CreateRole (Backend)'
[2023-03-23 12:31:36.173 +05:30  INF]  Route matched with {action = "CreateRole", controller = "Administrative"}. Executing controller action with signature System.Threading.Tasks.Task`1[Microsoft.AspNetCore.Mvc.IActionResult] CreateRole(Backend.Core.ViewModels.RoleViewModel) on controller Backend.Controllers.AdministrativeController (Backend).
[2023-03-23 12:31:37.777 +05:30  INF]  Entity Framework Core 6.0.12 initialized 'ApplicationDbContext' using provider 'Microsoft.EntityFrameworkCore.SqlServer:6.0.12' with options: None
[2023-03-23 12:31:38.996 +05:30  INF]  Executed DbCommand (144ms) [Parameters=[@__normalizedName_0='?' (Size = 256)], CommandType='"Text"', CommandTimeout='30']
SELECT TOP(1) [a].[Id], [a].[ConcurrencyStamp], [a].[Name], [a].[NormalizedName]
FROM [AspNetRoles] AS [a]
WHERE [a].[NormalizedName] = @__normalizedName_0
[2023-03-23 12:31:39.360 +05:30  INF]  Executed DbCommand (28ms) [Parameters=[@p0='?' (Size = 450), @p1='?' (Size = 4000), @p2='?' (Size = 256), @p3='?' (Size = 256)], CommandType='"Text"', CommandTimeout='30']
SET NOCOUNT ON;
INSERT INTO [AspNetRoles] ([Id], [ConcurrencyStamp], [Name], [NormalizedName])
VALUES (@p0, @p1, @p2, @p3);
[2023-03-23 12:31:39.437 +05:30  INF]  Executing OkObjectResult, writing value of type 'Backend.Core.Common.ErrorHandlers.Results`1[[Microsoft.AspNetCore.Identity.IdentityResult, Microsoft.Extensions.Identity.Core, Version=6.0.0.0, Culture=neutral, PublicKeyToken=adb9793829ddae60]]'.
[2023-03-23 12:31:39.441 +05:30  INF]  Executed action Backend.Controllers.AdministrativeController.CreateRole (Backend) in 3267.812ms
[2023-03-23 12:31:39.442 +05:30  INF]  Executed endpoint 'Backend.Controllers.AdministrativeController.CreateRole (Backend)'
[2023-03-23 12:31:39.459 +05:30  INF]  Request finished HTTP/1.1 POST http://localhost:5238/api/Administrative/Roles/ application/json 27 - 200 - application/json;+charset=utf-8 3425.0070ms
[2023-03-23 12:31:39.462 +05:30  INF]  Request starting HTTP/1.1 POST http://localhost:5238/api/token application/json 40
[2023-03-23 12:31:39.463 +05:30  INF]  Executing endpoint 'Backend.Controllers.TokenController.Post (Backend)'
[2023-03-23 12:31:39.463 +05:30  INF]  Route matched with {action = "Post", controller = "Token"}. Executing controller action with signature System.Threading.Tasks.Task`1[Microsoft.AspNetCore.Mvc.IActionResult] Post(Backend.Core.ViewModels.LoginViewModel) on controller Backend.Controllers.TokenController (Backend).
[2023-03-23 12:31:39.464 +05:30  INF]  Executing OkObjectResult, writing value of type 'System.String'.
[2023-03-23 12:31:39.465 +05:30  INF]  Executed action Backend.Controllers.TokenController.Post (Backend) in 1.6535ms
[2023-03-23 12:31:39.465 +05:30  INF]  Executed endpoint 'Backend.Controllers.TokenController.Post (Backend)'
[2023-03-23 12:31:39.465 +05:30  INF]  Request finished HTTP/1.1 POST http://localhost:5238/api/token application/json 40 - 200 - application/json;+charset=utf-8 2.5905ms
[2023-03-23 12:31:39.474 +05:30  INF]  Request starting HTTP/1.1 GET http://localhost:5238/api/Administrative/Roles/ - -
[2023-03-23 12:31:39.521 +05:30  INF]  Basic was not authenticated. Failure message: Authentication FailedThe input is not a valid Base-64 string as it contains a non-base 64 character, more than two padding characters, or an illegal character among the padding characters.
[2023-03-23 12:31:39.521 +05:30  INF]  Executing endpoint 'Backend.Controllers.AdministrativeController.AllRoles (Backend)'
[2023-03-23 12:31:39.525 +05:30  INF]  Route matched with {action = "AllRoles", controller = "Administrative"}. Executing controller action with signature System.Threading.Tasks.Task`1[Microsoft.AspNetCore.Mvc.IActionResult] AllRoles() on controller Backend.Controllers.AdministrativeController (Backend).
[2023-03-23 12:31:39.587 +05:30  INF]  Entity Framework Core 6.0.12 initialized 'ApplicationDbContext' using provider 'Microsoft.EntityFrameworkCore.SqlServer:6.0.12' with options: None
[2023-03-23 12:31:39.602 +05:30  INF]  Executed DbCommand (4ms) [Parameters=[], CommandType='"Text"', CommandTimeout='30']
SELECT [a].[Id], [a].[ConcurrencyStamp], [a].[Name], [a].[NormalizedName]
FROM [AspNetRoles] AS [a]
[2023-03-23 12:31:39.615 +05:30  INF]  Executing OkObjectResult, writing value of type 'Backend.Core.Common.ErrorHandlers.Results`1[[System.Collections.Generic.List`1[[Microsoft.AspNetCore.Identity.IdentityRole, Microsoft.Extensions.Identity.Stores, Version=6.0.0.0, Culture=neutral, PublicKeyToken=adb9793829ddae60]], System.Private.CoreLib, Version=6.0.0.0, Culture=neutral, PublicKeyToken=7cec85d7bea7798e]]'.
[2023-03-23 12:31:39.618 +05:30  INF]  Executed action Backend.Controllers.AdministrativeController.AllRoles (Backend) in 92.8963ms
[2023-03-23 12:31:39.618 +05:30  INF]  Executed endpoint 'Backend.Controllers.AdministrativeController.AllRoles (Backend)'
[2023-03-23 12:31:39.618 +05:30  INF]  Request finished HTTP/1.1 GET http://localhost:5238/api/Administrative/Roles/ - - - 200 - application/json;+charset=utf-8 144.5178ms
[2023-03-23 12:31:42.789 +05:30  INF]  Request starting HTTP/1.1 POST http://localhost:5238/api/token application/json 40
[2023-03-23 12:31:42.789 +05:30  INF]  Executing endpoint 'Backend.Controllers.TokenController.Post (Backend)'
[2023-03-23 12:31:42.789 +05:30  INF]  Route matched with {action = "Post", controller = "Token"}. Executing controller action with signature System.Threading.Tasks.Task`1[Microsoft.AspNetCore.Mvc.IActionResult] Post(Backend.Core.ViewModels.LoginViewModel) on controller Backend.Controllers.TokenController (Backend).
[2023-03-23 12:31:42.790 +05:30  INF]  Executing OkObjectResult, writing value of type 'System.String'.
[2023-03-23 12:31:42.790 +05:30  INF]  Executed action Backend.Controllers.TokenController.Post (Backend) in 0.7317ms
[2023-03-23 12:31:42.790 +05:30  INF]  Executed endpoint 'Backend.Controllers.TokenController.Post (Backend)'
[2023-03-23 12:31:42.790 +05:30  INF]  Request finished HTTP/1.1 POST http://localhost:5238/api/token application/json 40 - 200 - application/json;+charset=utf-8 1.5361ms
[2023-03-23 12:31:42.801 +05:30  INF]  Request starting HTTP/1.1 GET http://localhost:5238/api/Administrative/Roles/ - -
[2023-03-23 12:31:42.840 +05:30  INF]  Basic was not authenticated. Failure message: Authentication FailedThe input is not a valid Base-64 string as it contains a non-base 64 character, more than two padding characters, or an illegal character among the padding characters.
[2023-03-23 12:31:42.841 +05:30  INF]  Executing endpoint 'Backend.Controllers.AdministrativeController.AllRoles (Backend)'
[2023-03-23 12:31:42.841 +05:30  INF]  Route matched with {action = "AllRoles", controller = "Administrative"}. Executing controller action with signature System.Threading.Tasks.Task`1[Microsoft.AspNetCore.Mvc.IActionResult] AllRoles() on controller Backend.Controllers.AdministrativeController (Backend).
[2023-03-23 12:31:42.859 +05:30  INF]  Entity Framework Core 6.0.12 initialized 'ApplicationDbContext' using provider 'Microsoft.EntityFrameworkCore.SqlServer:6.0.12' with options: None
[2023-03-23 12:31:42.863 +05:30  INF]  Executed DbCommand (3ms) [Parameters=[], CommandType='"Text"', CommandTimeout='30']
SELECT [a].[Id], [a].[ConcurrencyStamp], [a].[Name], [a].[NormalizedName]
FROM [AspNetRoles] AS [a]
[2023-03-23 12:31:42.864 +05:30  INF]  Executing OkObjectResult, writing value of type 'Backend.Core.Common.ErrorHandlers.Results`1[[System.Collections.Generic.List`1[[Microsoft.AspNetCore.Identity.IdentityRole, Microsoft.Extensions.Identity.Stores, Version=6.0.0.0, Culture=neutral, PublicKeyToken=adb9793829ddae60]], System.Private.CoreLib, Version=6.0.0.0, Culture=neutral, PublicKeyToken=7cec85d7bea7798e]]'.
[2023-03-23 12:31:42.864 +05:30  INF]  Executed action Backend.Controllers.AdministrativeController.AllRoles (Backend) in 23.175ms
[2023-03-23 12:31:42.864 +05:30  INF]  Executed endpoint 'Backend.Controllers.AdministrativeController.AllRoles (Backend)'
[2023-03-23 12:31:42.864 +05:30  INF]  Request finished HTTP/1.1 GET http://localhost:5238/api/Administrative/Roles/ - - - 200 - application/json;+charset=utf-8 62.9438ms
[2023-03-23 12:32:36.694 +05:30  INF]  Request starting HTTP/1.1 POST http://localhost:5238/api/token application/json 40
[2023-03-23 12:32:36.700 +05:30  INF]  Executing endpoint 'Backend.Controllers.TokenController.Post (Backend)'
[2023-03-23 12:32:36.701 +05:30  INF]  Route matched with {action = "Post", controller = "Token"}. Executing controller action with signature System.Threading.Tasks.Task`1[Microsoft.AspNetCore.Mvc.IActionResult] Post(Backend.Core.ViewModels.LoginViewModel) on controller Backend.Controllers.TokenController (Backend).
[2023-03-23 12:32:36.701 +05:30  INF]  Executing OkObjectResult, writing value of type 'System.String'.
[2023-03-23 12:32:36.701 +05:30  INF]  Executed action Backend.Controllers.TokenController.Post (Backend) in 0.5513ms
[2023-03-23 12:32:36.701 +05:30  INF]  Executed endpoint 'Backend.Controllers.TokenController.Post (Backend)'
[2023-03-23 12:32:36.702 +05:30  INF]  Request finished HTTP/1.1 POST http://localhost:5238/api/token application/json 40 - 200 - application/json;+charset=utf-8 12.1625ms
[2023-03-23 12:32:36.713 +05:30  INF]  Request starting HTTP/1.1 GET http://localhost:5238/api/Administrative/SingleRole/?roleId=bca42f8c-2cfe-4930-a709-02a408db1be2 - -
[2023-03-23 12:32:36.761 +05:30  INF]  Basic was not authenticated. Failure message: Authentication FailedThe input is not a valid Base-64 string as it contains a non-base 64 character, more than two padding characters, or an illegal character among the padding characters.
[2023-03-23 12:32:36.761 +05:30  INF]  Executing endpoint 'Backend.Controllers.AdministrativeController.SingleRole (Backend)'
[2023-03-23 12:32:36.765 +05:30  INF]  Route matched with {action = "SingleRole", controller = "Administrative"}. Executing controller action with signature System.Threading.Tasks.Task`1[Microsoft.AspNetCore.Mvc.IActionResult] SingleRole(System.String) on controller Backend.Controllers.AdministrativeController (Backend).
[2023-03-23 12:32:36.777 +05:30  INF]  Entity Framework Core 6.0.12 initialized 'ApplicationDbContext' using provider 'Microsoft.EntityFrameworkCore.SqlServer:6.0.12' with options: None
[2023-03-23 12:32:36.831 +05:30  INF]  Executed DbCommand (3ms) [Parameters=[@__roleId_0='?' (Size = 450)], CommandType='"Text"', CommandTimeout='30']
SELECT TOP(1) [a].[Id], [a].[ConcurrencyStamp], [a].[Name], [a].[NormalizedName]
FROM [AspNetRoles] AS [a]
WHERE [a].[Id] = @__roleId_0
[2023-03-23 12:32:36.832 +05:30  INF]  Executing OkObjectResult, writing value of type 'Backend.Core.Common.ErrorHandlers.Results`1[[Microsoft.AspNetCore.Identity.IdentityRole, Microsoft.Extensions.Identity.Stores, Version=6.0.0.0, Culture=neutral, PublicKeyToken=adb9793829ddae60]]'.
[2023-03-23 12:32:36.833 +05:30  INF]  Executed action Backend.Controllers.AdministrativeController.SingleRole (Backend) in 67.2922ms
[2023-03-23 12:32:36.833 +05:30  INF]  Executed endpoint 'Backend.Controllers.AdministrativeController.SingleRole (Backend)'
[2023-03-23 12:32:36.833 +05:30  INF]  Request finished HTTP/1.1 GET http://localhost:5238/api/Administrative/SingleRole/?roleId=bca42f8c-2cfe-4930-a709-02a408db1be2 - - - 200 - application/json;+charset=utf-8 120.0439ms
[2023-03-23 12:32:47.653 +05:30  INF]  Request starting HTTP/1.1 POST http://localhost:5238/api/token application/json 40
[2023-03-23 12:32:47.653 +05:30  INF]  Executing endpoint 'Backend.Controllers.TokenController.Post (Backend)'
[2023-03-23 12:32:47.653 +05:30  INF]  Route matched with {action = "Post", controller = "Token"}. Executing controller action with signature System.Threading.Tasks.Task`1[Microsoft.AspNetCore.Mvc.IActionResult] Post(Backend.Core.ViewModels.LoginViewModel) on controller Backend.Controllers.TokenController (Backend).
[2023-03-23 12:32:47.653 +05:30  INF]  Executing OkObjectResult, writing value of type 'System.String'.
[2023-03-23 12:32:47.653 +05:30  INF]  Executed action Backend.Controllers.TokenController.Post (Backend) in 0.4438ms
[2023-03-23 12:32:47.653 +05:30  INF]  Executed endpoint 'Backend.Controllers.TokenController.Post (Backend)'
[2023-03-23 12:32:47.653 +05:30  INF]  Request finished HTTP/1.1 POST http://localhost:5238/api/token application/json 40 - 200 - application/json;+charset=utf-8 0.9466ms
[2023-03-23 12:32:47.661 +05:30  INF]  Request starting HTTP/1.1 GET http://localhost:5238/api/Administrative/SingleRole/?roleId=e46f1bfb-a425-4438-831c-6e7ab5dc46bb - -
[2023-03-23 12:32:47.701 +05:30  INF]  Basic was not authenticated. Failure message: Authentication FailedThe input is not a valid Base-64 string as it contains a non-base 64 character, more than two padding characters, or an illegal character among the padding characters.
[2023-03-23 12:32:47.702 +05:30  INF]  Executing endpoint 'Backend.Controllers.AdministrativeController.SingleRole (Backend)'
[2023-03-23 12:32:47.702 +05:30  INF]  Route matched with {action = "SingleRole", controller = "Administrative"}. Executing controller action with signature System.Threading.Tasks.Task`1[Microsoft.AspNetCore.Mvc.IActionResult] SingleRole(System.String) on controller Backend.Controllers.AdministrativeController (Backend).
[2023-03-23 12:32:47.702 +05:30  INF]  Entity Framework Core 6.0.12 initialized 'ApplicationDbContext' using provider 'Microsoft.EntityFrameworkCore.SqlServer:6.0.12' with options: None
[2023-03-23 12:32:47.706 +05:30  INF]  Executed DbCommand (1ms) [Parameters=[@__roleId_0='?' (Size = 450)], CommandType='"Text"', CommandTimeout='30']
SELECT TOP(1) [a].[Id], [a].[ConcurrencyStamp], [a].[Name], [a].[NormalizedName]
FROM [AspNetRoles] AS [a]
WHERE [a].[Id] = @__roleId_0
[2023-03-23 12:32:47.707 +05:30  INF]  Executing OkObjectResult, writing value of type 'Backend.Core.Common.ErrorHandlers.Results`1[[Microsoft.AspNetCore.Identity.IdentityRole, Microsoft.Extensions.Identity.Stores, Version=6.0.0.0, Culture=neutral, PublicKeyToken=adb9793829ddae60]]'.
[2023-03-23 12:32:47.707 +05:30  INF]  Executed action Backend.Controllers.AdministrativeController.SingleRole (Backend) in 5.2503ms
[2023-03-23 12:32:47.707 +05:30  INF]  Executed endpoint 'Backend.Controllers.AdministrativeController.SingleRole (Backend)'
[2023-03-23 12:32:47.707 +05:30  INF]  Request finished HTTP/1.1 GET http://localhost:5238/api/Administrative/SingleRole/?roleId=e46f1bfb-a425-4438-831c-6e7ab5dc46bb - - - 200 - application/json;+charset=utf-8 46.4262ms
[2023-03-23 12:32:55.752 +05:30  INF]  Request starting HTTP/1.1 POST http://localhost:5238/api/token application/json 40
[2023-03-23 12:32:55.752 +05:30  INF]  Executing endpoint 'Backend.Controllers.TokenController.Post (Backend)'
[2023-03-23 12:32:55.752 +05:30  INF]  Route matched with {action = "Post", controller = "Token"}. Executing controller action with signature System.Threading.Tasks.Task`1[Microsoft.AspNetCore.Mvc.IActionResult] Post(Backend.Core.ViewModels.LoginViewModel) on controller Backend.Controllers.TokenController (Backend).
[2023-03-23 12:32:55.752 +05:30  INF]  Executing OkObjectResult, writing value of type 'System.String'.
[2023-03-23 12:32:55.753 +05:30  INF]  Executed action Backend.Controllers.TokenController.Post (Backend) in 0.4862ms
[2023-03-23 12:32:55.753 +05:30  INF]  Executed endpoint 'Backend.Controllers.TokenController.Post (Backend)'
[2023-03-23 12:32:55.753 +05:30  INF]  Request finished HTTP/1.1 POST http://localhost:5238/api/token application/json 40 - 200 - application/json;+charset=utf-8 1.0456ms
[2023-03-23 12:32:55.765 +05:30  INF]  Request starting HTTP/1.1 GET http://localhost:5238/api/Administrative/SingleRole/?roleId=bca42f8c-2cfe-4930-a709-02a408db1be2 - -
[2023-03-23 12:32:55.802 +05:30  INF]  Basic was not authenticated. Failure message: Authentication FailedThe input is not a valid Base-64 string as it contains a non-base 64 character, more than two padding characters, or an illegal character among the padding characters.
[2023-03-23 12:32:55.803 +05:30  INF]  Executing endpoint 'Backend.Controllers.AdministrativeController.SingleRole (Backend)'
[2023-03-23 12:32:55.803 +05:30  INF]  Route matched with {action = "SingleRole", controller = "Administrative"}. Executing controller action with signature System.Threading.Tasks.Task`1[Microsoft.AspNetCore.Mvc.IActionResult] SingleRole(System.String) on controller Backend.Controllers.AdministrativeController (Backend).
[2023-03-23 12:32:55.803 +05:30  INF]  Entity Framework Core 6.0.12 initialized 'ApplicationDbContext' using provider 'Microsoft.EntityFrameworkCore.SqlServer:6.0.12' with options: None
[2023-03-23 12:32:55.805 +05:30  INF]  Executed DbCommand (1ms) [Parameters=[@__roleId_0='?' (Size = 450)], CommandType='"Text"', CommandTimeout='30']
SELECT TOP(1) [a].[Id], [a].[ConcurrencyStamp], [a].[Name], [a].[NormalizedName]
FROM [AspNetRoles] AS [a]
WHERE [a].[Id] = @__roleId_0
[2023-03-23 12:32:55.805 +05:30  INF]  Executing OkObjectResult, writing value of type 'Backend.Core.Common.ErrorHandlers.Results`1[[Microsoft.AspNetCore.Identity.IdentityRole, Microsoft.Extensions.Identity.Stores, Version=6.0.0.0, Culture=neutral, PublicKeyToken=adb9793829ddae60]]'.
[2023-03-23 12:32:55.805 +05:30  INF]  Executed action Backend.Controllers.AdministrativeController.SingleRole (Backend) in 2.6222ms
[2023-03-23 12:32:55.805 +05:30  INF]  Executed endpoint 'Backend.Controllers.AdministrativeController.SingleRole (Backend)'
[2023-03-23 12:32:55.806 +05:30  INF]  Request finished HTTP/1.1 GET http://localhost:5238/api/Administrative/SingleRole/?roleId=bca42f8c-2cfe-4930-a709-02a408db1be2 - - - 200 - application/json;+charset=utf-8 40.9776ms
[2023-03-23 12:33:00.320 +05:30  INF]  Request starting HTTP/1.1 POST http://localhost:5238/api/token application/json 40
[2023-03-23 12:33:00.320 +05:30  INF]  Executing endpoint 'Backend.Controllers.TokenController.Post (Backend)'
[2023-03-23 12:33:00.320 +05:30  INF]  Route matched with {action = "Post", controller = "Token"}. Executing controller action with signature System.Threading.Tasks.Task`1[Microsoft.AspNetCore.Mvc.IActionResult] Post(Backend.Core.ViewModels.LoginViewModel) on controller Backend.Controllers.TokenController (Backend).
[2023-03-23 12:33:00.321 +05:30  INF]  Executing OkObjectResult, writing value of type 'System.String'.
[2023-03-23 12:33:00.321 +05:30  INF]  Executed action Backend.Controllers.TokenController.Post (Backend) in 0.4788ms
[2023-03-23 12:33:00.321 +05:30  INF]  Executed endpoint 'Backend.Controllers.TokenController.Post (Backend)'
[2023-03-23 12:33:00.321 +05:30  INF]  Request finished HTTP/1.1 POST http://localhost:5238/api/token application/json 40 - 200 - application/json;+charset=utf-8 1.0900ms
[2023-03-23 12:33:00.332 +05:30  INF]  Request starting HTTP/1.1 GET http://localhost:5238/api/Administrative/SingleRole/?roleId=bca42f8c-2cfe-4930-a709-02a408db1be2 - -
[2023-03-23 12:33:00.386 +05:30  INF]  Basic was not authenticated. Failure message: Authentication FailedThe input is not a valid Base-64 string as it contains a non-base 64 character, more than two padding characters, or an illegal character among the padding characters.
[2023-03-23 12:33:00.386 +05:30  INF]  Executing endpoint 'Backend.Controllers.AdministrativeController.SingleRole (Backend)'
[2023-03-23 12:33:00.386 +05:30  INF]  Route matched with {action = "SingleRole", controller = "Administrative"}. Executing controller action with signature System.Threading.Tasks.Task`1[Microsoft.AspNetCore.Mvc.IActionResult] SingleRole(System.String) on controller Backend.Controllers.AdministrativeController (Backend).
[2023-03-23 12:33:00.387 +05:30  INF]  Entity Framework Core 6.0.12 initialized 'ApplicationDbContext' using provider 'Microsoft.EntityFrameworkCore.SqlServer:6.0.12' with options: None
[2023-03-23 12:33:00.390 +05:30  INF]  Executed DbCommand (3ms) [Parameters=[@__roleId_0='?' (Size = 450)], CommandType='"Text"', CommandTimeout='30']
SELECT TOP(1) [a].[Id], [a].[ConcurrencyStamp], [a].[Name], [a].[NormalizedName]
FROM [AspNetRoles] AS [a]
WHERE [a].[Id] = @__roleId_0
[2023-03-23 12:33:00.391 +05:30  INF]  Executing OkObjectResult, writing value of type 'Backend.Core.Common.ErrorHandlers.Results`1[[Microsoft.AspNetCore.Identity.IdentityRole, Microsoft.Extensions.Identity.Stores, Version=6.0.0.0, Culture=neutral, PublicKeyToken=adb9793829ddae60]]'.
[2023-03-23 12:33:00.391 +05:30  INF]  Executed action Backend.Controllers.AdministrativeController.SingleRole (Backend) in 4.6017ms
[2023-03-23 12:33:00.391 +05:30  INF]  Executed endpoint 'Backend.Controllers.AdministrativeController.SingleRole (Backend)'
[2023-03-23 12:33:00.391 +05:30  INF]  Request finished HTTP/1.1 GET http://localhost:5238/api/Administrative/SingleRole/?roleId=bca42f8c-2cfe-4930-a709-02a408db1be2 - - - 200 - application/json;+charset=utf-8 58.9389ms
[2023-03-23 12:33:04.589 +05:30  INF]  Request starting HTTP/1.1 POST http://localhost:5238/api/token application/json 40
[2023-03-23 12:33:04.589 +05:30  INF]  Executing endpoint 'Backend.Controllers.TokenController.Post (Backend)'
[2023-03-23 12:33:04.589 +05:30  INF]  Route matched with {action = "Post", controller = "Token"}. Executing controller action with signature System.Threading.Tasks.Task`1[Microsoft.AspNetCore.Mvc.IActionResult] Post(Backend.Core.ViewModels.LoginViewModel) on controller Backend.Controllers.TokenController (Backend).
[2023-03-23 12:33:04.590 +05:30  INF]  Executing OkObjectResult, writing value of type 'System.String'.
[2023-03-23 12:33:04.590 +05:30  INF]  Executed action Backend.Controllers.TokenController.Post (Backend) in 0.5906ms
[2023-03-23 12:33:04.590 +05:30  INF]  Executed endpoint 'Backend.Controllers.TokenController.Post (Backend)'
[2023-03-23 12:33:04.590 +05:30  INF]  Request finished HTTP/1.1 POST http://localhost:5238/api/token application/json 40 - 200 - application/json;+charset=utf-8 1.3360ms
[2023-03-23 12:33:04.598 +05:30  INF]  Request starting HTTP/1.1 PUT http://localhost:5238/api/Administrative/SingleRole/ application/json 60
[2023-03-23 12:33:04.637 +05:30  INF]  Basic was not authenticated. Failure message: Authentication FailedThe input is not a valid Base-64 string as it contains a non-base 64 character, more than two padding characters, or an illegal character among the padding characters.
[2023-03-23 12:33:04.637 +05:30  INF]  Executing endpoint 'Backend.Controllers.AdministrativeController.UpdateRole (Backend)'
[2023-03-23 12:33:04.640 +05:30  INF]  Route matched with {action = "UpdateRole", controller = "Administrative"}. Executing controller action with signature System.Threading.Tasks.Task`1[Microsoft.AspNetCore.Mvc.IActionResult] UpdateRole(Backend.Core.ViewModels.RoleViewModel) on controller Backend.Controllers.AdministrativeController (Backend).
[2023-03-23 12:33:04.642 +05:30  INF]  Entity Framework Core 6.0.12 initialized 'ApplicationDbContext' using provider 'Microsoft.EntityFrameworkCore.SqlServer:6.0.12' with options: None
[2023-03-23 12:33:04.643 +05:30  INF]  Executed DbCommand (1ms) [Parameters=[@__roleId_0='?' (Size = 450)], CommandType='"Text"', CommandTimeout='30']
SELECT TOP(1) [a].[Id], [a].[ConcurrencyStamp], [a].[Name], [a].[NormalizedName]
FROM [AspNetRoles] AS [a]
WHERE [a].[Id] = @__roleId_0
[2023-03-23 12:33:04.647 +05:30  INF]  Executed DbCommand (2ms) [Parameters=[@__normalizedName_0='?' (Size = 256)], CommandType='"Text"', CommandTimeout='30']
SELECT TOP(1) [a].[Id], [a].[ConcurrencyStamp], [a].[Name], [a].[NormalizedName]
FROM [AspNetRoles] AS [a]
WHERE [a].[NormalizedName] = @__normalizedName_0
[2023-03-23 12:33:04.690 +05:30  INF]  Executed DbCommand (29ms) [Parameters=[@p3='?' (Size = 450), @p0='?' (Size = 4000), @p4='?' (Size = 4000), @p1='?' (Size = 256), @p2='?' (Size = 256)], CommandType='"Text"', CommandTimeout='30']
SET NOCOUNT ON;
UPDATE [AspNetRoles] SET [ConcurrencyStamp] = @p0, [Name] = @p1, [NormalizedName] = @p2
WHERE [Id] = @p3 AND [ConcurrencyStamp] = @p4;
SELECT @@ROWCOUNT;
[2023-03-23 12:33:04.696 +05:30  INF]  Executing OkObjectResult, writing value of type 'Backend.Core.Common.ErrorHandlers.Results`1[[Microsoft.AspNetCore.Identity.IdentityResult, Microsoft.Extensions.Identity.Core, Version=6.0.0.0, Culture=neutral, PublicKeyToken=adb9793829ddae60]]'.
[2023-03-23 12:33:04.696 +05:30  INF]  Executed action Backend.Controllers.AdministrativeController.UpdateRole (Backend) in 56.2198ms
[2023-03-23 12:33:04.696 +05:30  INF]  Executed endpoint 'Backend.Controllers.AdministrativeController.UpdateRole (Backend)'
[2023-03-23 12:33:04.696 +05:30  INF]  Request finished HTTP/1.1 PUT http://localhost:5238/api/Administrative/SingleRole/ application/json 60 - 200 - application/json;+charset=utf-8 97.7978ms
[2023-03-23 12:33:04.710 +05:30  INF]  Request starting HTTP/1.1 POST http://localhost:5238/api/token application/json 40
[2023-03-23 12:33:04.711 +05:30  INF]  Executing endpoint 'Backend.Controllers.TokenController.Post (Backend)'
[2023-03-23 12:33:04.711 +05:30  INF]  Route matched with {action = "Post", controller = "Token"}. Executing controller action with signature System.Threading.Tasks.Task`1[Microsoft.AspNetCore.Mvc.IActionResult] Post(Backend.Core.ViewModels.LoginViewModel) on controller Backend.Controllers.TokenController (Backend).
[2023-03-23 12:33:04.711 +05:30  INF]  Executing OkObjectResult, writing value of type 'System.String'.
[2023-03-23 12:33:04.711 +05:30  INF]  Executed action Backend.Controllers.TokenController.Post (Backend) in 0.4674ms
[2023-03-23 12:33:04.711 +05:30  INF]  Executed endpoint 'Backend.Controllers.TokenController.Post (Backend)'
[2023-03-23 12:33:04.711 +05:30  INF]  Request finished HTTP/1.1 POST http://localhost:5238/api/token application/json 40 - 200 - application/json;+charset=utf-8 0.9479ms
[2023-03-23 12:33:04.721 +05:30  INF]  Request starting HTTP/1.1 GET http://localhost:5238/api/Administrative/Roles/ - -
[2023-03-23 12:33:04.771 +05:30  INF]  Basic was not authenticated. Failure message: Authentication FailedThe input is not a valid Base-64 string as it contains a non-base 64 character, more than two padding characters, or an illegal character among the padding characters.
[2023-03-23 12:33:04.771 +05:30  INF]  Executing endpoint 'Backend.Controllers.AdministrativeController.AllRoles (Backend)'
[2023-03-23 12:33:04.771 +05:30  INF]  Route matched with {action = "AllRoles", controller = "Administrative"}. Executing controller action with signature System.Threading.Tasks.Task`1[Microsoft.AspNetCore.Mvc.IActionResult] AllRoles() on controller Backend.Controllers.AdministrativeController (Backend).
[2023-03-23 12:33:04.772 +05:30  INF]  Entity Framework Core 6.0.12 initialized 'ApplicationDbContext' using provider 'Microsoft.EntityFrameworkCore.SqlServer:6.0.12' with options: None
[2023-03-23 12:33:04.774 +05:30  INF]  Executed DbCommand (1ms) [Parameters=[], CommandType='"Text"', CommandTimeout='30']
SELECT [a].[Id], [a].[ConcurrencyStamp], [a].[Name], [a].[NormalizedName]
FROM [AspNetRoles] AS [a]
[2023-03-23 12:33:04.774 +05:30  INF]  Executing OkObjectResult, writing value of type 'Backend.Core.Common.ErrorHandlers.Results`1[[System.Collections.Generic.List`1[[Microsoft.AspNetCore.Identity.IdentityRole, Microsoft.Extensions.Identity.Stores, Version=6.0.0.0, Culture=neutral, PublicKeyToken=adb9793829ddae60]], System.Private.CoreLib, Version=6.0.0.0, Culture=neutral, PublicKeyToken=7cec85d7bea7798e]]'.
[2023-03-23 12:33:04.774 +05:30  INF]  Executed action Backend.Controllers.AdministrativeController.AllRoles (Backend) in 2.4416ms
[2023-03-23 12:33:04.774 +05:30  INF]  Executed endpoint 'Backend.Controllers.AdministrativeController.AllRoles (Backend)'
[2023-03-23 12:33:04.774 +05:30  INF]  Request finished HTTP/1.1 GET http://localhost:5238/api/Administrative/Roles/ - - - 200 - application/json;+charset=utf-8 52.8491ms
[2023-03-23 12:35:03.631 +05:30  INF]  Request starting HTTP/1.1 POST http://localhost:5238/api/token application/json 40
[2023-03-23 12:35:03.631 +05:30  INF]  Executing endpoint 'Backend.Controllers.TokenController.Post (Backend)'
[2023-03-23 12:35:03.631 +05:30  INF]  Route matched with {action = "Post", controller = "Token"}. Executing controller action with signature System.Threading.Tasks.Task`1[Microsoft.AspNetCore.Mvc.IActionResult] Post(Backend.Core.ViewModels.LoginViewModel) on controller Backend.Controllers.TokenController (Backend).
[2023-03-23 12:35:03.632 +05:30  INF]  Executing OkObjectResult, writing value of type 'System.String'.
[2023-03-23 12:35:03.632 +05:30  INF]  Executed action Backend.Controllers.TokenController.Post (Backend) in 0.4979ms
[2023-03-23 12:35:03.632 +05:30  INF]  Executed endpoint 'Backend.Controllers.TokenController.Post (Backend)'
[2023-03-23 12:35:03.632 +05:30  INF]  Request finished HTTP/1.1 POST http://localhost:5238/api/token application/json 40 - 200 - application/json;+charset=utf-8 0.9724ms
[2023-03-23 12:35:03.647 +05:30  INF]  Request starting HTTP/1.1 GET http://localhost:5238/api/Administrative/UserRoles/?userId= - -
[2023-03-23 12:35:03.696 +05:30  INF]  Basic was not authenticated. Failure message: Authentication FailedThe input is not a valid Base-64 string as it contains a non-base 64 character, more than two padding characters, or an illegal character among the padding characters.
[2023-03-23 12:35:03.697 +05:30  INF]  Executing endpoint 'Backend.Controllers.AdministrativeController.AddRemoveRoles (Backend)'
[2023-03-23 12:35:03.700 +05:30  INF]  Route matched with {action = "AddRemoveRoles", controller = "Administrative"}. Executing controller action with signature System.Threading.Tasks.Task`1[Microsoft.AspNetCore.Mvc.IActionResult] AddRemoveRoles(System.String) on controller Backend.Controllers.AdministrativeController (Backend).
[2023-03-23 12:35:03.703 +05:30  INF]  Executing BadRequestObjectResult, writing value of type 'Microsoft.AspNetCore.Mvc.ValidationProblemDetails'.
[2023-03-23 12:35:03.705 +05:30  INF]  Executed action Backend.Controllers.AdministrativeController.AddRemoveRoles (Backend) in 4.2539ms
[2023-03-23 12:35:03.705 +05:30  INF]  Executed endpoint 'Backend.Controllers.AdministrativeController.AddRemoveRoles (Backend)'
[2023-03-23 12:35:03.705 +05:30  INF]  Request finished HTTP/1.1 GET http://localhost:5238/api/Administrative/UserRoles/?userId= - - - 400 - application/problem+json;+charset=utf-8 57.5415ms
[2023-03-23 12:35:14.614 +05:30  INF]  Request starting HTTP/1.1 POST http://localhost:5238/api/token application/json 40
[2023-03-23 12:35:14.615 +05:30  INF]  Executing endpoint 'Backend.Controllers.TokenController.Post (Backend)'
[2023-03-23 12:35:14.615 +05:30  INF]  Route matched with {action = "Post", controller = "Token"}. Executing controller action with signature System.Threading.Tasks.Task`1[Microsoft.AspNetCore.Mvc.IActionResult] Post(Backend.Core.ViewModels.LoginViewModel) on controller Backend.Controllers.TokenController (Backend).
[2023-03-23 12:35:14.616 +05:30  INF]  Executing OkObjectResult, writing value of type 'System.String'.
[2023-03-23 12:35:14.616 +05:30  INF]  Executed action Backend.Controllers.TokenController.Post (Backend) in 1.015ms
[2023-03-23 12:35:14.616 +05:30  INF]  Executed endpoint 'Backend.Controllers.TokenController.Post (Backend)'
[2023-03-23 12:35:14.616 +05:30  INF]  Request finished HTTP/1.1 POST http://localhost:5238/api/token application/json 40 - 200 - application/json;+charset=utf-8 1.9194ms
[2023-03-23 12:35:14.627 +05:30  INF]  Request starting HTTP/1.1 POST http://localhost:5238/api/Administrative/UserRoles/ application/json 48
[2023-03-23 12:35:14.681 +05:30  INF]  Basic was not authenticated. Failure message: Authentication FailedThe input is not a valid Base-64 string as it contains a non-base 64 character, more than two padding characters, or an illegal character among the padding characters.
[2023-03-23 12:35:14.682 +05:30  INF]  Executing endpoint 'Backend.Controllers.AdministrativeController.AddRemoveRoles (Backend)'
[2023-03-23 12:35:14.684 +05:30  INF]  Route matched with {action = "AddRemoveRoles", controller = "Administrative"}. Executing controller action with signature System.Threading.Tasks.Task`1[Microsoft.AspNetCore.Mvc.IActionResult] AddRemoveRoles(Backend.Core.Data.Entities.UserResult) on controller Backend.Controllers.AdministrativeController (Backend).
[2023-03-23 12:35:14.688 +05:30  INF]  Executing BadRequestObjectResult, writing value of type 'Microsoft.AspNetCore.Mvc.ValidationProblemDetails'.
[2023-03-23 12:35:14.688 +05:30  INF]  Executed action Backend.Controllers.AdministrativeController.AddRemoveRoles (Backend) in 3.7018ms
[2023-03-23 12:35:14.688 +05:30  INF]  Executed endpoint 'Backend.Controllers.AdministrativeController.AddRemoveRoles (Backend)'
[2023-03-23 12:35:14.688 +05:30  INF]  Request finished HTTP/1.1 POST http://localhost:5238/api/Administrative/UserRoles/ application/json 48 - 400 - application/problem+json;+charset=utf-8 61.3139ms
[2023-03-23 12:36:09.637 +05:30  INF]  Request starting HTTP/1.1 POST http://localhost:5238/api/token application/json 40
[2023-03-23 12:36:09.642 +05:30  INF]  Executing endpoint 'Backend.Controllers.TokenController.Post (Backend)'
[2023-03-23 12:36:09.643 +05:30  INF]  Route matched with {action = "Post", controller = "Token"}. Executing controller action with signature System.Threading.Tasks.Task`1[Microsoft.AspNetCore.Mvc.IActionResult] Post(Backend.Core.ViewModels.LoginViewModel) on controller Backend.Controllers.TokenController (Backend).
[2023-03-23 12:36:09.643 +05:30  INF]  Executing OkObjectResult, writing value of type 'System.String'.
[2023-03-23 12:36:09.644 +05:30  INF]  Executed action Backend.Controllers.TokenController.Post (Backend) in 0.6572ms
[2023-03-23 12:36:09.644 +05:30  INF]  Executed endpoint 'Backend.Controllers.TokenController.Post (Backend)'
[2023-03-23 12:36:09.644 +05:30  INF]  Request finished HTTP/1.1 POST http://localhost:5238/api/token application/json 40 - 200 - application/json;+charset=utf-8 6.2865ms
[2023-03-23 12:36:09.661 +05:30  INF]  Request starting HTTP/1.1 GET http://localhost:5238/api/Account/UserList/ - -
[2023-03-23 12:36:09.671 +05:30  INF]  Executing endpoint 'Backend.Controllers.AccountController.UsersList (Backend)'
[2023-03-23 12:36:09.674 +05:30  INF]  Route matched with {action = "UsersList", controller = "Account"}. Executing controller action with signature System.Threading.Tasks.Task`1[Microsoft.AspNetCore.Mvc.IActionResult] UsersList() on controller Backend.Controllers.AccountController (Backend).
[2023-03-23 12:36:09.680 +05:30  INF]  Entity Framework Core 6.0.12 initialized 'ApplicationDbContext' using provider 'Microsoft.EntityFrameworkCore.SqlServer:6.0.12' with options: None
[2023-03-23 12:36:09.773 +05:30  INF]  Executed DbCommand (3ms) [Parameters=[], CommandType='"Text"', CommandTimeout='30']
SELECT [u].[UserId], [u].[Address], [u].[DOB], [u].[DOJ], [u].[FirstName], [u].[Gender], [u].[Image], [u].[LastName], [a].[Id], [a].[AccessFailedCount], [a].[ConcurrencyStamp], [a].[Email], [a].[EmailConfirmed], [a].[LockoutEnabled], [a].[LockoutEnd], [a].[NormalizedEmail], [a].[NormalizedUserName], [a].[PasswordHash], [a].[PhoneNumber], [a].[PhoneNumberConfirmed], [a].[SecurityStamp], [a].[TwoFactorEnabled], [a].[UserName]
FROM [Users] AS [u]
INNER JOIN [AspNetUsers] AS [a] ON [u].[UserId] = [a].[Id]
[2023-03-23 12:36:09.904 +05:30  INF]  Executing OkObjectResult, writing value of type 'Backend.Core.Common.ErrorHandlers.Results`1[[System.Collections.Generic.List`1[[Backend.Core.Data.Entities.UserModel, Backend, Version=1.0.0.0, Culture=neutral, PublicKeyToken=null]], System.Private.CoreLib, Version=6.0.0.0, Culture=neutral, PublicKeyToken=7cec85d7bea7798e]]'.
[2023-03-23 12:36:09.939 +05:30  INF]  Executed action Backend.Controllers.AccountController.UsersList (Backend) in 264.0021ms
[2023-03-23 12:36:09.939 +05:30  INF]  Executed endpoint 'Backend.Controllers.AccountController.UsersList (Backend)'
[2023-03-23 12:36:09.939 +05:30  INF]  Request finished HTTP/1.1 GET http://localhost:5238/api/Account/UserList/ - - - 200 - application/json;+charset=utf-8 277.6226ms
[2023-03-23 12:36:18.443 +05:30  INF]  Request starting HTTP/1.1 POST http://localhost:5238/api/token application/json 40
[2023-03-23 12:36:18.444 +05:30  INF]  Executing endpoint 'Backend.Controllers.TokenController.Post (Backend)'
[2023-03-23 12:36:18.444 +05:30  INF]  Route matched with {action = "Post", controller = "Token"}. Executing controller action with signature System.Threading.Tasks.Task`1[Microsoft.AspNetCore.Mvc.IActionResult] Post(Backend.Core.ViewModels.LoginViewModel) on controller Backend.Controllers.TokenController (Backend).
[2023-03-23 12:36:18.452 +05:30  INF]  Executing OkObjectResult, writing value of type 'System.String'.
[2023-03-23 12:36:18.452 +05:30  INF]  Executed action Backend.Controllers.TokenController.Post (Backend) in 3.5883ms
[2023-03-23 12:36:18.452 +05:30  INF]  Executed endpoint 'Backend.Controllers.TokenController.Post (Backend)'
[2023-03-23 12:36:18.452 +05:30  INF]  Request finished HTTP/1.1 POST http://localhost:5238/api/token application/json 40 - 200 - application/json;+charset=utf-8 8.8533ms
[2023-03-23 12:36:18.474 +05:30  INF]  Request starting HTTP/1.1 GET http://localhost:5238/api/Account/SingleUser/?userId=056f40f2-5fc9-41fb-8036-f1670e7344a3 - -
[2023-03-23 12:36:18.478 +05:30  INF]  Executing endpoint 'Backend.Controllers.AccountController.SingleUserDetails (Backend)'
[2023-03-23 12:36:18.484 +05:30  INF]  Route matched with {action = "SingleUserDetails", controller = "Account"}. Executing controller action with signature System.Threading.Tasks.Task`1[Microsoft.AspNetCore.Mvc.IActionResult] SingleUserDetails(System.String) on controller Backend.Controllers.AccountController (Backend).
[2023-03-23 12:36:18.487 +05:30  INF]  Entity Framework Core 6.0.12 initialized 'ApplicationDbContext' using provider 'Microsoft.EntityFrameworkCore.SqlServer:6.0.12' with options: None
[2023-03-23 12:36:18.506 +05:30  INF]  Executed DbCommand (5ms) [Parameters=[@__userId_0='?' (Size = 450)], CommandType='"Text"', CommandTimeout='30']
SELECT TOP(1) [u].[UserId], [u].[Address], [u].[DOB], [u].[DOJ], [u].[FirstName], [u].[Gender], [u].[Image], [u].[LastName], [a].[Id], [a].[AccessFailedCount], [a].[ConcurrencyStamp], [a].[Email], [a].[EmailConfirmed], [a].[LockoutEnabled], [a].[LockoutEnd], [a].[NormalizedEmail], [a].[NormalizedUserName], [a].[PasswordHash], [a].[PhoneNumber], [a].[PhoneNumberConfirmed], [a].[SecurityStamp], [a].[TwoFactorEnabled], [a].[UserName]
FROM [Users] AS [u]
INNER JOIN [AspNetUsers] AS [a] ON [u].[UserId] = [a].[Id]
WHERE [u].[UserId] = @__userId_0
[2023-03-23 12:36:18.507 +05:30  INF]  Executing OkObjectResult, writing value of type 'Backend.Core.Common.ErrorHandlers.Results`1[[Backend.Core.Data.Entities.UserModel, Backend, Version=1.0.0.0, Culture=neutral, PublicKeyToken=null]]'.
[2023-03-23 12:36:18.508 +05:30  INF]  Executed action Backend.Controllers.AccountController.SingleUserDetails (Backend) in 23.8634ms
[2023-03-23 12:36:18.508 +05:30  INF]  Executed endpoint 'Backend.Controllers.AccountController.SingleUserDetails (Backend)'
[2023-03-23 12:36:18.509 +05:30  INF]  Request finished HTTP/1.1 GET http://localhost:5238/api/Account/SingleUser/?userId=056f40f2-5fc9-41fb-8036-f1670e7344a3 - - - 200 - application/json;+charset=utf-8 34.4445ms
[2023-03-23 12:36:22.853 +05:30  INF]  Request starting HTTP/1.1 POST http://localhost:5238/api/token application/json 40
[2023-03-23 12:36:22.853 +05:30  INF]  Executing endpoint 'Backend.Controllers.TokenController.Post (Backend)'
[2023-03-23 12:36:22.853 +05:30  INF]  Route matched with {action = "Post", controller = "Token"}. Executing controller action with signature System.Threading.Tasks.Task`1[Microsoft.AspNetCore.Mvc.IActionResult] Post(Backend.Core.ViewModels.LoginViewModel) on controller Backend.Controllers.TokenController (Backend).
[2023-03-23 12:36:22.854 +05:30  INF]  Executing OkObjectResult, writing value of type 'System.String'.
[2023-03-23 12:36:22.854 +05:30  INF]  Executed action Backend.Controllers.TokenController.Post (Backend) in 0.5382ms
[2023-03-23 12:36:22.854 +05:30  INF]  Executed endpoint 'Backend.Controllers.TokenController.Post (Backend)'
[2023-03-23 12:36:22.854 +05:30  INF]  Request finished HTTP/1.1 POST http://localhost:5238/api/token application/json 40 - 200 - application/json;+charset=utf-8 1.1268ms
[2023-03-23 12:36:22.867 +05:30  INF]  Request starting HTTP/1.1 GET http://localhost:5238/api/Account/UserList/ - -
[2023-03-23 12:36:22.868 +05:30  INF]  Executing endpoint 'Backend.Controllers.AccountController.UsersList (Backend)'
[2023-03-23 12:36:22.868 +05:30  INF]  Route matched with {action = "UsersList", controller = "Account"}. Executing controller action with signature System.Threading.Tasks.Task`1[Microsoft.AspNetCore.Mvc.IActionResult] UsersList() on controller Backend.Controllers.AccountController (Backend).
[2023-03-23 12:36:22.868 +05:30  INF]  Executing OkObjectResult, writing value of type 'Backend.Core.Common.ErrorHandlers.Results`1[[System.Collections.Generic.List`1[[Backend.Core.Data.Entities.UserModel, Backend, Version=1.0.0.0, Culture=neutral, PublicKeyToken=null]], System.Private.CoreLib, Version=6.0.0.0, Culture=neutral, PublicKeyToken=7cec85d7bea7798e]]'.
[2023-03-23 12:36:22.869 +05:30  INF]  Executed action Backend.Controllers.AccountController.UsersList (Backend) in 0.6145ms
[2023-03-23 12:36:22.869 +05:30  INF]  Executed endpoint 'Backend.Controllers.AccountController.UsersList (Backend)'
[2023-03-23 12:36:22.869 +05:30  INF]  Request finished HTTP/1.1 GET http://localhost:5238/api/Account/UserList/ - - - 200 - application/json;+charset=utf-8 1.5483ms
[2023-03-23 12:37:27.420 +05:30  INF]  Request starting HTTP/1.1 POST http://localhost:5238/api/token application/json 40
[2023-03-23 12:37:27.420 +05:30  INF]  Executing endpoint 'Backend.Controllers.TokenController.Post (Backend)'
[2023-03-23 12:37:27.420 +05:30  INF]  Route matched with {action = "Post", controller = "Token"}. Executing controller action with signature System.Threading.Tasks.Task`1[Microsoft.AspNetCore.Mvc.IActionResult] Post(Backend.Core.ViewModels.LoginViewModel) on controller Backend.Controllers.TokenController (Backend).
[2023-03-23 12:37:27.420 +05:30  INF]  Executing OkObjectResult, writing value of type 'System.String'.
[2023-03-23 12:37:27.420 +05:30  INF]  Executed action Backend.Controllers.TokenController.Post (Backend) in 0.4633ms
[2023-03-23 12:37:27.420 +05:30  INF]  Executed endpoint 'Backend.Controllers.TokenController.Post (Backend)'
[2023-03-23 12:37:27.421 +05:30  INF]  Request finished HTTP/1.1 POST http://localhost:5238/api/token application/json 40 - 200 - application/json;+charset=utf-8 0.9949ms
[2023-03-23 12:37:27.434 +05:30  INF]  Request starting HTTP/1.1 GET http://localhost:5238/api/Administrative/UserRoles/?userId= - -
[2023-03-23 12:37:27.478 +05:30  INF]  Basic was not authenticated. Failure message: Authentication FailedThe input is not a valid Base-64 string as it contains a non-base 64 character, more than two padding characters, or an illegal character among the padding characters.
[2023-03-23 12:37:27.478 +05:30  INF]  Executing endpoint 'Backend.Controllers.AdministrativeController.AddRemoveRoles (Backend)'
[2023-03-23 12:37:27.478 +05:30  INF]  Route matched with {action = "AddRemoveRoles", controller = "Administrative"}. Executing controller action with signature System.Threading.Tasks.Task`1[Microsoft.AspNetCore.Mvc.IActionResult] AddRemoveRoles(System.String) on controller Backend.Controllers.AdministrativeController (Backend).
[2023-03-23 12:37:27.479 +05:30  INF]  Executing BadRequestObjectResult, writing value of type 'Microsoft.AspNetCore.Mvc.ValidationProblemDetails'.
[2023-03-23 12:37:27.479 +05:30  INF]  Executed action Backend.Controllers.AdministrativeController.AddRemoveRoles (Backend) in 0.4405ms
[2023-03-23 12:37:27.479 +05:30  INF]  Executed endpoint 'Backend.Controllers.AdministrativeController.AddRemoveRoles (Backend)'
[2023-03-23 12:37:27.479 +05:30  INF]  Request finished HTTP/1.1 GET http://localhost:5238/api/Administrative/UserRoles/?userId= - - - 400 - application/problem+json;+charset=utf-8 45.4408ms
[2023-03-23 13:03:35.088 +05:30  INF]  Request starting HTTP/1.1 POST http://localhost:5238/api/token application/json 40
[2023-03-23 13:03:35.127 +05:30  INF]  Executing endpoint 'Backend.Controllers.TokenController.Post (Backend)'
[2023-03-23 13:03:35.129 +05:30  INF]  Route matched with {action = "Post", controller = "Token"}. Executing controller action with signature System.Threading.Tasks.Task`1[Microsoft.AspNetCore.Mvc.IActionResult] Post(Backend.Core.ViewModels.LoginViewModel) on controller Backend.Controllers.TokenController (Backend).
[2023-03-23 13:03:35.141 +05:30  INF]  Executing OkObjectResult, writing value of type 'System.String'.
[2023-03-23 13:03:35.143 +05:30  INF]  Executed action Backend.Controllers.TokenController.Post (Backend) in 13.8252ms
[2023-03-23 13:03:35.144 +05:30  INF]  Executed endpoint 'Backend.Controllers.TokenController.Post (Backend)'
[2023-03-23 13:03:35.144 +05:30  INF]  Request finished HTTP/1.1 POST http://localhost:5238/api/token application/json 40 - 200 - application/json;+charset=utf-8 65.3622ms
[2023-03-23 13:03:35.178 +05:30  INF]  Request starting HTTP/1.1 POST http://localhost:5238/api/Administrative/UserRoles/ application/json 48
[2023-03-23 13:03:35.376 +05:30  INF]  Basic was not authenticated. Failure message: Authentication FailedThe input is not a valid Base-64 string as it contains a non-base 64 character, more than two padding characters, or an illegal character among the padding characters.
[2023-03-23 13:03:35.377 +05:30  INF]  Executing endpoint 'Backend.Controllers.AdministrativeController.AddRemoveRoles (Backend)'
[2023-03-23 13:03:35.377 +05:30  INF]  Route matched with {action = "AddRemoveRoles", controller = "Administrative"}. Executing controller action with signature System.Threading.Tasks.Task`1[Microsoft.AspNetCore.Mvc.IActionResult] AddRemoveRoles(Backend.Core.Data.Entities.UserResult) on controller Backend.Controllers.AdministrativeController (Backend).
[2023-03-23 13:03:35.384 +05:30  INF]  Executing BadRequestObjectResult, writing value of type 'Microsoft.AspNetCore.Mvc.ValidationProblemDetails'.
[2023-03-23 13:03:35.386 +05:30  INF]  Executed action Backend.Controllers.AdministrativeController.AddRemoveRoles (Backend) in 8.3128ms
[2023-03-23 13:03:35.386 +05:30  INF]  Executed endpoint 'Backend.Controllers.AdministrativeController.AddRemoveRoles (Backend)'
[2023-03-23 13:03:35.387 +05:30  INF]  Request finished HTTP/1.1 POST http://localhost:5238/api/Administrative/UserRoles/ application/json 48 - 400 - application/problem+json;+charset=utf-8 208.8249ms
[2023-03-23 13:03:39.444 +05:30  INF]  Request starting HTTP/1.1 POST http://localhost:5238/api/token application/json 40
[2023-03-23 13:03:39.446 +05:30  INF]  Executing endpoint 'Backend.Controllers.TokenController.Post (Backend)'
[2023-03-23 13:03:39.452 +05:30  INF]  Route matched with {action = "Post", controller = "Token"}. Executing controller action with signature System.Threading.Tasks.Task`1[Microsoft.AspNetCore.Mvc.IActionResult] Post(Backend.Core.ViewModels.LoginViewModel) on controller Backend.Controllers.TokenController (Backend).
[2023-03-23 13:03:39.486 +05:30  INF]  Executing OkObjectResult, writing value of type 'System.String'.
[2023-03-23 13:03:39.486 +05:30  INF]  Executed action Backend.Controllers.TokenController.Post (Backend) in 31.6848ms
[2023-03-23 13:03:39.487 +05:30  INF]  Executed endpoint 'Backend.Controllers.TokenController.Post (Backend)'
[2023-03-23 13:03:39.487 +05:30  INF]  Request finished HTTP/1.1 POST http://localhost:5238/api/token application/json 40 - 200 - application/json;+charset=utf-8 43.2393ms
[2023-03-23 13:03:39.511 +05:30  INF]  Request starting HTTP/1.1 GET http://localhost:5238/api/Administrative/UserRoles/?userId= - -
[2023-03-23 13:03:39.651 +05:30  INF]  Basic was not authenticated. Failure message: Authentication FailedThe input is not a valid Base-64 string as it contains a non-base 64 character, more than two padding characters, or an illegal character among the padding characters.
[2023-03-23 13:03:39.652 +05:30  INF]  Executing endpoint 'Backend.Controllers.AdministrativeController.AddRemoveRoles (Backend)'
[2023-03-23 13:03:39.652 +05:30  INF]  Route matched with {action = "AddRemoveRoles", controller = "Administrative"}. Executing controller action with signature System.Threading.Tasks.Task`1[Microsoft.AspNetCore.Mvc.IActionResult] AddRemoveRoles(System.String) on controller Backend.Controllers.AdministrativeController (Backend).
[2023-03-23 13:03:39.654 +05:30  INF]  Executing BadRequestObjectResult, writing value of type 'Microsoft.AspNetCore.Mvc.ValidationProblemDetails'.
[2023-03-23 13:03:39.654 +05:30  INF]  Executed action Backend.Controllers.AdministrativeController.AddRemoveRoles (Backend) in 1.74ms
[2023-03-23 13:03:39.654 +05:30  INF]  Executed endpoint 'Backend.Controllers.AdministrativeController.AddRemoveRoles (Backend)'
[2023-03-23 13:03:39.654 +05:30  INF]  Request finished HTTP/1.1 GET http://localhost:5238/api/Administrative/UserRoles/?userId= - - - 400 - application/problem+json;+charset=utf-8 143.5100ms
[2023-03-23 13:03:45.512 +05:30  INF]  Request starting HTTP/1.1 POST http://localhost:5238/api/token application/json 40
[2023-03-23 13:03:45.512 +05:30  INF]  Executing endpoint 'Backend.Controllers.TokenController.Post (Backend)'
[2023-03-23 13:03:45.512 +05:30  INF]  Route matched with {action = "Post", controller = "Token"}. Executing controller action with signature System.Threading.Tasks.Task`1[Microsoft.AspNetCore.Mvc.IActionResult] Post(Backend.Core.ViewModels.LoginViewModel) on controller Backend.Controllers.TokenController (Backend).
[2023-03-23 13:03:45.514 +05:30  INF]  Executing OkObjectResult, writing value of type 'System.String'.
[2023-03-23 13:03:45.514 +05:30  INF]  Executed action Backend.Controllers.TokenController.Post (Backend) in 1.6244ms
[2023-03-23 13:03:45.514 +05:30  INF]  Executed endpoint 'Backend.Controllers.TokenController.Post (Backend)'
[2023-03-23 13:03:45.514 +05:30  INF]  Request finished HTTP/1.1 POST http://localhost:5238/api/token application/json 40 - 200 - application/json;+charset=utf-8 2.7120ms
[2023-03-23 13:03:45.536 +05:30  INF]  Request starting HTTP/1.1 GET http://localhost:5238/api/Account/SingleUser/?userId=056f40f2-5fc9-41fb-8036-f1670e7344a3 - -
[2023-03-23 13:03:45.537 +05:30  INF]  Executing endpoint 'Backend.Controllers.AccountController.SingleUserDetails (Backend)'
[2023-03-23 13:03:45.537 +05:30  INF]  Route matched with {action = "SingleUserDetails", controller = "Account"}. Executing controller action with signature System.Threading.Tasks.Task`1[Microsoft.AspNetCore.Mvc.IActionResult] SingleUserDetails(System.String) on controller Backend.Controllers.AccountController (Backend).
[2023-03-23 13:03:45.546 +05:30  INF]  Entity Framework Core 6.0.12 initialized 'ApplicationDbContext' using provider 'Microsoft.EntityFrameworkCore.SqlServer:6.0.12' with options: None
[2023-03-23 13:03:45.679 +05:30  INF]  Executed DbCommand (84ms) [Parameters=[@__userId_0='?' (Size = 450)], CommandType='"Text"', CommandTimeout='30']
SELECT TOP(1) [u].[UserId], [u].[Address], [u].[DOB], [u].[DOJ], [u].[FirstName], [u].[Gender], [u].[Image], [u].[LastName], [a].[Id], [a].[AccessFailedCount], [a].[ConcurrencyStamp], [a].[Email], [a].[EmailConfirmed], [a].[LockoutEnabled], [a].[LockoutEnd], [a].[NormalizedEmail], [a].[NormalizedUserName], [a].[PasswordHash], [a].[PhoneNumber], [a].[PhoneNumberConfirmed], [a].[SecurityStamp], [a].[TwoFactorEnabled], [a].[UserName]
FROM [Users] AS [u]
INNER JOIN [AspNetUsers] AS [a] ON [u].[UserId] = [a].[Id]
WHERE [u].[UserId] = @__userId_0
[2023-03-23 13:03:45.685 +05:30  INF]  Executing OkObjectResult, writing value of type 'Backend.Core.Common.ErrorHandlers.Results`1[[Backend.Core.Data.Entities.UserModel, Backend, Version=1.0.0.0, Culture=neutral, PublicKeyToken=null]]'.
[2023-03-23 13:03:45.686 +05:30  INF]  Executed action Backend.Controllers.AccountController.SingleUserDetails (Backend) in 148.701ms
[2023-03-23 13:03:45.686 +05:30  INF]  Executed endpoint 'Backend.Controllers.AccountController.SingleUserDetails (Backend)'
[2023-03-23 13:03:45.687 +05:30  INF]  Request finished HTTP/1.1 GET http://localhost:5238/api/Account/SingleUser/?userId=056f40f2-5fc9-41fb-8036-f1670e7344a3 - - - 200 - application/json;+charset=utf-8 150.7173ms
[2023-03-23 15:17:05.663 +05:30  INF]  User profile is available. Using 'C:\Users\akhil.madhu\AppData\Local\ASP.NET\DataProtection-Keys' as key repository and Windows DPAPI to encrypt keys at rest.
[2023-03-23 15:17:06.137 +05:30  INF]  Now listening on: http://localhost:5238
[2023-03-23 15:17:06.142 +05:30  INF]  Application started. Press Ctrl+C to shut down.
[2023-03-23 15:17:06.142 +05:30  INF]  Hosting environment: Development
[2023-03-23 15:17:06.142 +05:30  INF]  Content root path: C:\Users\akhil.madhu\source\repos\Backend\Backend\
[2023-03-23 15:17:09.646 +05:30  INF]  Request starting HTTP/1.1 GET http://localhost:5238/swagger/index.html - -
[2023-03-23 15:17:11.518 +05:30  INF]  Request finished HTTP/1.1 GET http://localhost:5238/swagger/index.html - - - 200 - text/html;charset=utf-8 1880.0632ms
[2023-03-23 15:17:11.581 +05:30  INF]  Request starting HTTP/1.1 GET http://localhost:5238/_framework/aspnetcore-browser-refresh.js - -
[2023-03-23 15:17:11.606 +05:30  INF]  Request finished HTTP/1.1 GET http://localhost:5238/_framework/aspnetcore-browser-refresh.js - - - 200 11984 application/javascript;+charset=utf-8 24.9263ms
[2023-03-23 15:17:11.716 +05:30  INF]  Request starting HTTP/1.1 GET http://localhost:5238/_vs/browserLink - -
[2023-03-23 15:17:11.988 +05:30  INF]  Request finished HTTP/1.1 GET http://localhost:5238/_vs/browserLink - - - 200 - text/javascript;+charset=UTF-8 271.9103ms
[2023-03-23 15:17:12.149 +05:30  INF]  Request starting HTTP/1.1 GET http://localhost:5238/swagger/v1/swagger.json - -
[2023-03-23 15:17:12.776 +05:30  INF]  Request finished HTTP/1.1 GET http://localhost:5238/swagger/v1/swagger.json - - - 200 - application/json;charset=utf-8 626.9949ms
[2023-03-23 15:30:53.683 +05:30  INF]  User profile is available. Using 'C:\Users\akhil.madhu\AppData\Local\ASP.NET\DataProtection-Keys' as key repository and Windows DPAPI to encrypt keys at rest.
[2023-03-23 15:30:53.958 +05:30  INF]  Now listening on: http://localhost:5238
[2023-03-23 15:30:53.961 +05:30  INF]  Application started. Press Ctrl+C to shut down.
[2023-03-23 15:30:53.961 +05:30  INF]  Hosting environment: Development
[2023-03-23 15:30:53.961 +05:30  INF]  Content root path: C:\Users\akhil.madhu\source\repos\Backend\Backend\
[2023-03-23 15:30:54.966 +05:30  INF]  Request starting HTTP/1.1 GET http://localhost:5238/swagger/index.html - -
[2023-03-23 15:30:55.344 +05:30  INF]  Request finished HTTP/1.1 GET http://localhost:5238/swagger/index.html - - - 200 - text/html;charset=utf-8 383.8330ms
[2023-03-23 15:30:55.369 +05:30  INF]  Request starting HTTP/1.1 GET http://localhost:5238/_framework/aspnetcore-browser-refresh.js - -
[2023-03-23 15:30:55.377 +05:30  INF]  Request finished HTTP/1.1 GET http://localhost:5238/_framework/aspnetcore-browser-refresh.js - - - 200 11984 application/javascript;+charset=utf-8 8.1794ms
[2023-03-23 15:30:55.434 +05:30  INF]  Request starting HTTP/1.1 GET http://localhost:5238/_vs/browserLink - -
[2023-03-23 15:30:55.496 +05:30  INF]  Request finished HTTP/1.1 GET http://localhost:5238/_vs/browserLink - - - 200 - text/javascript;+charset=UTF-8 61.4149ms
[2023-03-23 15:30:55.606 +05:30  INF]  Request starting HTTP/1.1 GET http://localhost:5238/swagger/v1/swagger.json - -
[2023-03-23 15:30:55.832 +05:30  INF]  Request finished HTTP/1.1 GET http://localhost:5238/swagger/v1/swagger.json - - - 200 - application/json;charset=utf-8 225.4982ms
[2023-03-23 15:37:08.166 +05:30  INF]  Request starting HTTP/1.1 POST http://localhost:5238/api/token application/json 40
[2023-03-23 15:37:08.410 +05:30  INF]  Executing endpoint 'Backend.Controllers.TokenController.Post (Backend)'
[2023-03-23 15:37:08.479 +05:30  INF]  Route matched with {action = "Post", controller = "Token"}. Executing controller action with signature System.Threading.Tasks.Task`1[Microsoft.AspNetCore.Mvc.IActionResult] Post(Backend.Core.ViewModels.LoginViewModel) on controller Backend.Controllers.TokenController (Backend).
[2023-03-23 15:37:08.890 +05:30  INF]  Executing OkObjectResult, writing value of type 'System.String'.
[2023-03-23 15:37:08.907 +05:30  INF]  Executed action Backend.Controllers.TokenController.Post (Backend) in 416.2822ms
[2023-03-23 15:37:08.909 +05:30  INF]  Executed endpoint 'Backend.Controllers.TokenController.Post (Backend)'
[2023-03-23 15:37:08.910 +05:30  INF]  Request finished HTTP/1.1 POST http://localhost:5238/api/token application/json 40 - 200 - application/json;+charset=utf-8 743.3016ms
[2023-03-23 15:37:08.918 +05:30  INF]  Request starting HTTP/1.1 POST http://localhost:5238/api/Account/Login/ application/json 58
[2023-03-23 15:37:09.143 +05:30  INF]  Executing endpoint 'Backend.Controllers.AccountController.Login (Backend)'
[2023-03-23 15:37:09.149 +05:30  INF]  Route matched with {action = "Login", controller = "Account"}. Executing controller action with signature System.Threading.Tasks.Task`1[Microsoft.AspNetCore.Mvc.IActionResult] Login(Backend.Core.ViewModels.LoginViewModel) on controller Backend.Controllers.AccountController (Backend).
[2023-03-23 15:37:14.710 +05:30  INF]  Entity Framework Core 6.0.12 initialized 'ApplicationDbContext' using provider 'Microsoft.EntityFrameworkCore.SqlServer:6.0.12' with options: None
[2023-03-23 15:37:16.655 +05:30  INF]  Executed DbCommand (149ms) [Parameters=[@__normalizedUserName_0='?' (Size = 256)], CommandType='"Text"', CommandTimeout='30']
SELECT TOP(1) [a].[Id], [a].[AccessFailedCount], [a].[ConcurrencyStamp], [a].[Email], [a].[EmailConfirmed], [a].[LockoutEnabled], [a].[LockoutEnd], [a].[NormalizedEmail], [a].[NormalizedUserName], [a].[PasswordHash], [a].[PhoneNumber], [a].[PhoneNumberConfirmed], [a].[SecurityStamp], [a].[TwoFactorEnabled], [a].[UserName]
FROM [AspNetUsers] AS [a]
WHERE [a].[NormalizedUserName] = @__normalizedUserName_0
[2023-03-23 15:37:17.072 +05:30  INF]  Executed DbCommand (10ms) [Parameters=[@__user_Id_0='?' (Size = 450)], CommandType='"Text"', CommandTimeout='30']
SELECT TOP(1) [u].[UserId], [u].[Address], [u].[DOB], [u].[DOJ], [u].[FirstName], [u].[Gender], [u].[Image], [u].[LastName], [a].[Id], [a].[AccessFailedCount], [a].[ConcurrencyStamp], [a].[Email], [a].[EmailConfirmed], [a].[LockoutEnabled], [a].[LockoutEnd], [a].[NormalizedEmail], [a].[NormalizedUserName], [a].[PasswordHash], [a].[PhoneNumber], [a].[PhoneNumberConfirmed], [a].[SecurityStamp], [a].[TwoFactorEnabled], [a].[UserName]
FROM [Users] AS [u]
INNER JOIN [AspNetUsers] AS [a] ON [u].[UserId] = [a].[Id]
WHERE [u].[UserId] = @__user_Id_0
[2023-03-23 15:37:17.138 +05:30  INF]  Executing OkObjectResult, writing value of type 'Backend.Core.Common.ErrorHandlers.Results`1[[Backend.Core.Data.Entities.UserModel, Backend, Version=1.0.0.0, Culture=neutral, PublicKeyToken=null]]'.
[2023-03-23 15:37:17.185 +05:30  INF]  Executed action Backend.Controllers.AccountController.Login (Backend) in 8035.8417ms
[2023-03-23 15:37:17.188 +05:30  INF]  Executed endpoint 'Backend.Controllers.AccountController.Login (Backend)'
[2023-03-23 15:37:17.211 +05:30  INF]  Request finished HTTP/1.1 POST http://localhost:5238/api/Account/Login/ application/json 58 - 200 - application/json;+charset=utf-8 8293.2263ms
[2023-03-23 15:37:44.689 +05:30  INF]  Request starting HTTP/1.1 POST http://localhost:5238/api/token application/json 40
[2023-03-23 15:37:44.725 +05:30  INF]  Executing endpoint 'Backend.Controllers.TokenController.Post (Backend)'
[2023-03-23 15:37:44.726 +05:30  INF]  Route matched with {action = "Post", controller = "Token"}. Executing controller action with signature System.Threading.Tasks.Task`1[Microsoft.AspNetCore.Mvc.IActionResult] Post(Backend.Core.ViewModels.LoginViewModel) on controller Backend.Controllers.TokenController (Backend).
[2023-03-23 15:37:44.728 +05:30  INF]  Executing OkObjectResult, writing value of type 'System.String'.
[2023-03-23 15:37:44.729 +05:30  INF]  Executed action Backend.Controllers.TokenController.Post (Backend) in 2.5439ms
[2023-03-23 15:37:44.729 +05:30  INF]  Executed endpoint 'Backend.Controllers.TokenController.Post (Backend)'
[2023-03-23 15:37:44.729 +05:30  INF]  Request finished HTTP/1.1 POST http://localhost:5238/api/token application/json 40 - 200 - application/json;+charset=utf-8 40.5788ms
[2023-03-23 15:37:44.748 +05:30  INF]  Request starting HTTP/1.1 POST http://localhost:5238/api/Account/Login/ application/json 60
[2023-03-23 15:37:44.750 +05:30  INF]  Executing endpoint 'Backend.Controllers.AccountController.Login (Backend)'
[2023-03-23 15:37:44.750 +05:30  INF]  Route matched with {action = "Login", controller = "Account"}. Executing controller action with signature System.Threading.Tasks.Task`1[Microsoft.AspNetCore.Mvc.IActionResult] Login(Backend.Core.ViewModels.LoginViewModel) on controller Backend.Controllers.AccountController (Backend).
[2023-03-23 15:37:46.221 +05:30  INF]  Entity Framework Core 6.0.12 initialized 'ApplicationDbContext' using provider 'Microsoft.EntityFrameworkCore.SqlServer:6.0.12' with options: None
[2023-03-23 15:37:46.231 +05:30  INF]  Executed DbCommand (5ms) [Parameters=[@__normalizedUserName_0='?' (Size = 256)], CommandType='"Text"', CommandTimeout='30']
SELECT TOP(1) [a].[Id], [a].[AccessFailedCount], [a].[ConcurrencyStamp], [a].[Email], [a].[EmailConfirmed], [a].[LockoutEnabled], [a].[LockoutEnd], [a].[NormalizedEmail], [a].[NormalizedUserName], [a].[PasswordHash], [a].[PhoneNumber], [a].[PhoneNumberConfirmed], [a].[SecurityStamp], [a].[TwoFactorEnabled], [a].[UserName]
FROM [AspNetUsers] AS [a]
WHERE [a].[NormalizedUserName] = @__normalizedUserName_0
[2023-03-23 15:37:46.235 +05:30  WRN]  Invalid password for user.
[2023-03-23 15:37:46.236 +05:30  ERR]  Login Error
[2023-03-23 15:37:46.236 +05:30  INF]  Executing BadRequestObjectResult, writing value of type 'Backend.Core.Common.ErrorHandlers.Results`1[[Backend.Core.Data.Entities.UserModel, Backend, Version=1.0.0.0, Culture=neutral, PublicKeyToken=null]]'.
[2023-03-23 15:37:46.237 +05:30  INF]  Executed action Backend.Controllers.AccountController.Login (Backend) in 1486.7734ms
[2023-03-23 15:37:46.238 +05:30  INF]  Executed endpoint 'Backend.Controllers.AccountController.Login (Backend)'
[2023-03-23 15:37:46.238 +05:30  INF]  Request finished HTTP/1.1 POST http://localhost:5238/api/Account/Login/ application/json 60 - 400 - application/json;+charset=utf-8 1489.7622ms
[2023-03-23 15:38:01.358 +05:30  INF]  Request starting HTTP/1.1 POST http://localhost:5238/api/token application/json 40
[2023-03-23 15:38:01.359 +05:30  INF]  Executing endpoint 'Backend.Controllers.TokenController.Post (Backend)'
[2023-03-23 15:38:01.359 +05:30  INF]  Route matched with {action = "Post", controller = "Token"}. Executing controller action with signature System.Threading.Tasks.Task`1[Microsoft.AspNetCore.Mvc.IActionResult] Post(Backend.Core.ViewModels.LoginViewModel) on controller Backend.Controllers.TokenController (Backend).
[2023-03-23 15:38:01.361 +05:30  INF]  Executing OkObjectResult, writing value of type 'System.String'.
[2023-03-23 15:38:01.361 +05:30  INF]  Executed action Backend.Controllers.TokenController.Post (Backend) in 2.4558ms
[2023-03-23 15:38:01.361 +05:30  INF]  Executed endpoint 'Backend.Controllers.TokenController.Post (Backend)'
[2023-03-23 15:38:01.362 +05:30  INF]  Request finished HTTP/1.1 POST http://localhost:5238/api/token application/json 40 - 200 - application/json;+charset=utf-8 3.4919ms
[2023-03-23 15:38:01.380 +05:30  INF]  Request starting HTTP/1.1 POST http://localhost:5238/api/Account/Login/ application/json 57
[2023-03-23 15:38:01.382 +05:30  INF]  Executing endpoint 'Backend.Controllers.AccountController.Login (Backend)'
[2023-03-23 15:38:01.382 +05:30  INF]  Route matched with {action = "Login", controller = "Account"}. Executing controller action with signature System.Threading.Tasks.Task`1[Microsoft.AspNetCore.Mvc.IActionResult] Login(Backend.Core.ViewModels.LoginViewModel) on controller Backend.Controllers.AccountController (Backend).
[2023-03-23 15:38:03.051 +05:30  INF]  Entity Framework Core 6.0.12 initialized 'ApplicationDbContext' using provider 'Microsoft.EntityFrameworkCore.SqlServer:6.0.12' with options: None
[2023-03-23 15:38:03.056 +05:30  INF]  Executed DbCommand (4ms) [Parameters=[@__normalizedUserName_0='?' (Size = 256)], CommandType='"Text"', CommandTimeout='30']
SELECT TOP(1) [a].[Id], [a].[AccessFailedCount], [a].[ConcurrencyStamp], [a].[Email], [a].[EmailConfirmed], [a].[LockoutEnabled], [a].[LockoutEnd], [a].[NormalizedEmail], [a].[NormalizedUserName], [a].[PasswordHash], [a].[PhoneNumber], [a].[PhoneNumberConfirmed], [a].[SecurityStamp], [a].[TwoFactorEnabled], [a].[UserName]
FROM [AspNetUsers] AS [a]
WHERE [a].[NormalizedUserName] = @__normalizedUserName_0
[2023-03-23 15:38:03.058 +05:30  WRN]  Invalid password for user.
[2023-03-23 15:38:03.058 +05:30  ERR]  Login Error
[2023-03-23 15:38:03.058 +05:30  INF]  Executing BadRequestObjectResult, writing value of type 'Backend.Core.Common.ErrorHandlers.Results`1[[Backend.Core.Data.Entities.UserModel, Backend, Version=1.0.0.0, Culture=neutral, PublicKeyToken=null]]'.
[2023-03-23 15:38:03.058 +05:30  INF]  Executed action Backend.Controllers.AccountController.Login (Backend) in 1676.3197ms
[2023-03-23 15:38:03.059 +05:30  INF]  Executed endpoint 'Backend.Controllers.AccountController.Login (Backend)'
[2023-03-23 15:38:03.059 +05:30  INF]  Request finished HTTP/1.1 POST http://localhost:5238/api/Account/Login/ application/json 57 - 400 - application/json;+charset=utf-8 1678.4034ms
